#
# A fatal error has been detected by the Java Runtime Environment:
#
#  Internal Error (generateOopMap.cpp:2159), pid=13420, tid=1304
#  fatal error: Illegal class file encountered. Try running with -Xverify:all in method exec
#
# JRE version: OpenJDK Runtime Environment (17.0.1+12) (build 17.0.1+12-39)
# Java VM: OpenJDK 64-Bit Server VM (17.0.1+12-39, mixed mode, sharing, tiered, compressed oops, compressed class ptrs, g1 gc, windows-amd64)
# No core dump will be written. Minidumps are not enabled by default on client versions of Windows
#
# If you would like to submit a bug report, please visit:
#   https://bugreport.java.com/bugreport/crash.jsp
#

---------------  S U M M A R Y ------------

Command Line: -XX:+ShowCodeDetailsInExceptionMessages -agentlib:jdwp=transport=dt_socket,suspend=y,address=localhost:56263 -Xmx1000M -javaagent:C:\Stik\Progs\eclipse-2021-12\configuration\org.eclipse.osgi\221\0\.cp\lib\javaagent-shaded.jar -Dfile.encoding=UTF-8 uk.co.stikman.invmon.InvMon

Host: Intel(R) Core(TM) i7-8550U CPU @ 1.80GHz, 8 cores, 15G,  Windows 10 , 64 bit Build 22621 (10.0.22621.1485)
Time: Fri Apr 14 18:14:28 2023 GMT Summer Time elapsed time: 211.719575 seconds (0d 0h 3m 31s)

---------------  T H R E A D  ---------------

Current thread (0x000002614c189a90):  VMThread "VM Thread" [stack: 0x000000737fc00000,0x000000737fd00000] [id=1304]

Stack: [0x000000737fc00000,0x000000737fd00000]
Native frames: (J=compiled Java code, j=interpreted, Vv=VM code, C=native code)
V  [jvm.dll+0x66fa1a]
V  [jvm.dll+0x7ce5a4]
V  [jvm.dll+0x7cfd4e]
V  [jvm.dll+0x24285f]
V  [jvm.dll+0x336004]
V  [jvm.dll+0x332ddc]
V  [jvm.dll+0x331f9b]
V  [jvm.dll+0x3312c7]
V  [jvm.dll+0x65e3ba]
V  [jvm.dll+0x65e0d3]
V  [jvm.dll+0x623b08]
V  [jvm.dll+0x7c5855]
V  [jvm.dll+0x521f46]
V  [jvm.dll+0x7d484b]
V  [jvm.dll+0x7d5584]
V  [jvm.dll+0x7d5a9c]
V  [jvm.dll+0x7d5e74]
V  [jvm.dll+0x7d5f40]
V  [jvm.dll+0x77e91a]
V  [jvm.dll+0x66e845]
C  [ucrtbase.dll+0x29363]
C  [KERNEL32.DLL+0x1269d]
C  [ntdll.dll+0x5a9f8]

VM_Operation (0x00000073007ff290): get/set locals, mode: safepoint, requested by thread 0x000002614cd647f0


---------------  P R O C E S S  ---------------

Threads class SMR info:
_java_thread_list=0x000002614d973d20, length=23, elements={
0x0000026130710eb0, 0x000002614c191530, 0x000002614c1920e0, 0x000002614c1a7b50,
0x000002614c1aa510, 0x000002614c1abed0, 0x000002614c1ad4a0, 0x000002614c1ba4c0,
0x000002614c1bb780, 0x000002614c1c6580, 0x000002614cce7940, 0x000002614cd647f0,
0x000002614ce008f0, 0x000002614ce02180, 0x000002614d362ff0, 0x000002614cf0aa10,
0x000002614d772320, 0x000002614d8ed2b0, 0x000002614d8f0bb0, 0x000002614cd859b0,
0x000002614d8462a0, 0x000002614d845430, 0x000002614d845900
}

Java Threads: ( => current thread )
  0x0000026130710eb0 JavaThread "main" [_thread_in_native, id=14700, stack(0x000000737f600000,0x000000737f700000)]
  0x000002614c191530 JavaThread "Reference Handler" daemon [_thread_blocked, id=8088, stack(0x000000737fd00000,0x000000737fe00000)]
  0x000002614c1920e0 JavaThread "Finalizer" daemon [_thread_blocked, id=8640, stack(0x000000737fe00000,0x000000737ff00000)]
  0x000002614c1a7b50 JavaThread "Signal Dispatcher" daemon [_thread_blocked, id=7676, stack(0x000000737ff00000,0x0000007380000000)]
  0x000002614c1aa510 JavaThread "Attach Listener" daemon [_thread_blocked, id=19516, stack(0x0000007300000000,0x0000007300100000)]
  0x000002614c1abed0 JavaThread "Service Thread" daemon [_thread_blocked, id=1340, stack(0x0000007300100000,0x0000007300200000)]
  0x000002614c1ad4a0 JavaThread "Monitor Deflation Thread" daemon [_thread_blocked, id=1488, stack(0x0000007300200000,0x0000007300300000)]
  0x000002614c1ba4c0 JavaThread "C2 CompilerThread0" daemon [_thread_blocked, id=1064, stack(0x0000007300300000,0x0000007300400000)]
  0x000002614c1bb780 JavaThread "C1 CompilerThread0" daemon [_thread_blocked, id=9716, stack(0x0000007300400000,0x0000007300500000)]
  0x000002614c1c6580 JavaThread "Sweeper thread" daemon [_thread_blocked, id=1192, stack(0x0000007300500000,0x0000007300600000)]
  0x000002614cce7940 JavaThread "Common-Cleaner" daemon [_thread_blocked, id=18908, stack(0x0000007300600000,0x0000007300700000)]
  0x000002614cd647f0 JavaThread "JDWP Transport Listener: dt_socket" daemon [_thread_blocked, id=6688, stack(0x0000007300700000,0x0000007300800000)]
  0x000002614ce008f0 JavaThread "JDWP Event Helper Thread" daemon [_thread_blocked, id=20304, stack(0x0000007300800000,0x0000007300900000)]
  0x000002614ce02180 JavaThread "JDWP Command Reader" daemon [_thread_in_native, id=3044, stack(0x0000007300900000,0x0000007300a00000)]
  0x000002614d362ff0 JavaThread "Notification Thread" daemon [_thread_blocked, id=9332, stack(0x0000007300b00000,0x0000007300c00000)]
  0x000002614cf0aa10 JavaThread "Timer-0" [_thread_blocked, id=19520, stack(0x0000007300d00000,0x0000007300e00000)]
  0x000002614d772320 JavaThread "pool-1-thread-1" [_thread_blocked, id=1912, stack(0x0000007300e00000,0x0000007300f00000)]
  0x000002614d8ed2b0 JavaThread "NanoHttpd Main Listener" daemon [_thread_in_native, id=19728, stack(0x0000007301c00000,0x0000007301d00000)]
  0x000002614d8f0bb0 JavaThread "Thread-4" [_thread_blocked, id=9924, stack(0x0000007301d00000,0x0000007301e00000)]
  0x000002614cd859b0 JavaThread "pool-1-thread-2" [_thread_blocked, id=19072, stack(0x0000007302000000,0x0000007302100000)]
  0x000002614d8462a0 JavaThread "pool-1-thread-3" [_thread_blocked, id=18212, stack(0x0000007302100000,0x0000007302200000)]
  0x000002614d845430 JavaThread "pool-1-thread-4" [_thread_blocked, id=6792, stack(0x0000007302300000,0x0000007302400000)]
  0x000002614d845900 JavaThread "NanoHttpd Request Processor (#11)" daemon [_thread_blocked, id=19920, stack(0x0000007302400000,0x0000007302500000)]

Other Threads:
=>0x000002614c189a90 VMThread "VM Thread" [stack: 0x000000737fc00000,0x000000737fd00000] [id=1304]
  0x000002614cd87030 WatcherThread [stack: 0x0000007300c00000,0x0000007300d00000] [id=14492]
  0x000002613073e220 GCTaskThread "GC Thread#0" [stack: 0x000000737f700000,0x000000737f800000] [id=3540]
  0x000002614d75ce40 GCTaskThread "GC Thread#1" [stack: 0x0000007300f00000,0x0000007301000000] [id=7660]
  0x000002614d6b1660 GCTaskThread "GC Thread#2" [stack: 0x0000007301000000,0x0000007301100000] [id=4416]
  0x000002614d76c0e0 GCTaskThread "GC Thread#3" [stack: 0x0000007301100000,0x0000007301200000] [id=21396]
  0x000002614d76c760 GCTaskThread "GC Thread#4" [stack: 0x0000007301200000,0x0000007301300000] [id=19120]
  0x000002614d76cde0 GCTaskThread "GC Thread#5" [stack: 0x0000007301300000,0x0000007301400000] [id=19812]
  0x000002614d6f4a30 GCTaskThread "GC Thread#6" [stack: 0x0000007301400000,0x0000007301500000] [id=20236]
  0x000002614d6f50f0 GCTaskThread "GC Thread#7" [stack: 0x0000007301500000,0x0000007301600000] [id=19788]
  0x0000026130746e60 ConcurrentGCThread "G1 Main Marker" [stack: 0x000000737f800000,0x000000737f900000] [id=3216]
  0x0000026130748170 ConcurrentGCThread "G1 Conc#0" [stack: 0x000000737f900000,0x000000737fa00000] [id=14732]
  0x00000261307dd670 ConcurrentGCThread "G1 Refine#0" [stack: 0x000000737fa00000,0x000000737fb00000] [id=7256]
  0x000002614d747760 ConcurrentGCThread "G1 Refine#1" [stack: 0x0000007301600000,0x0000007301700000] [id=13264]
  0x000002614cfa5f10 ConcurrentGCThread "G1 Refine#2" [stack: 0x0000007301700000,0x0000007301800000] [id=13048]
  0x000002614cfa65c0 ConcurrentGCThread "G1 Refine#3" [stack: 0x0000007301800000,0x0000007301900000] [id=13800]
  0x000002614c1ed7d0 ConcurrentGCThread "G1 Refine#4" [stack: 0x0000007301900000,0x0000007301a00000] [id=3764]
  0x000002614c1ee090 ConcurrentGCThread "G1 Refine#5" [stack: 0x0000007301a00000,0x0000007301b00000] [id=16612]
  0x000002614d746ee0 ConcurrentGCThread "G1 Refine#6" [stack: 0x0000007300a00000,0x0000007300b00000] [id=19936]
  0x000002614d74ebc0 ConcurrentGCThread "G1 Refine#7" [stack: 0x0000007301b00000,0x0000007301c00000] [id=2908]
  0x000002614c04a100 ConcurrentGCThread "G1 Service" [stack: 0x000000737fb00000,0x000000737fc00000] [id=13448]

Threads with active compile tasks:

VM state: at safepoint (normal execution)

VM Mutex/Monitor currently owned by a thread:  ([mutex/lock_event])
[0x000002613070cb10] Threads_lock - owner thread: 0x000002614c189a90

Heap address: 0x00000000c1800000, size: 1000 MB, Compressed Oops mode: 32-bit

CDS archive(s) mapped at: [0x0000000800000000-0x0000000800bc0000-0x0000000800bc0000), size 12320768, SharedBaseAddress: 0x0000000800000000, ArchiveRelocationMode: 0.
Compressed class space mapped at: 0x0000000800c00000-0x0000000840c00000, reserved size: 1073741824
Narrow klass base: 0x0000000800000000, Narrow klass shift: 0, Narrow klass range: 0x100000000

GC Precious Log:
 CPUs: 8 total, 8 available
 Memory: 16111M
 Large Page Support: Disabled
 NUMA Support: Disabled
 Compressed Oops: Enabled (32-bit)
 Heap Region Size: 1M
 Heap Min Capacity: 8M
 Heap Initial Capacity: 252M
 Heap Max Capacity: 1000M
 Pre-touch: Disabled
 Parallel Workers: 8
 Concurrent Workers: 2
 Concurrent Refinement Workers: 8
 Periodic GC: Disabled

Heap:
 garbage-first heap   total 258048K, used 112587K [0x00000000c1800000, 0x0000000100000000)
  region size 1024K, 6 young (6144K), 4 survivors (4096K)
 Metaspace       used 7252K, committed 7360K, reserved 1056768K
  class space    used 687K, committed 768K, reserved 1048576K

Heap Regions: E=young(eden), S=young(survivor), O=old, HS=humongous(starts), HC=humongous(continues), CS=collection set, F=free, OA=open archive, CA=closed archive, TAMS=top-at-mark-start (previous, next)
|   0|0x00000000c1800000, 0x00000000c1900000, 0x00000000c1900000|100%| O|  |TAMS 0x00000000c1800000, 0x00000000c1900000| Untracked 
|   1|0x00000000c1900000, 0x00000000c1a00000, 0x00000000c1a00000|100%| O|  |TAMS 0x00000000c1900000, 0x00000000c1a00000| Untracked 
|   2|0x00000000c1a00000, 0x00000000c1b00000, 0x00000000c1b00000|100%| O|  |TAMS 0x00000000c1a00000, 0x00000000c1b00000| Untracked 
|   3|0x00000000c1b00000, 0x00000000c1c00000, 0x00000000c1c00000|100%| O|  |TAMS 0x00000000c1b00000, 0x00000000c1c00000| Untracked 
|   4|0x00000000c1c00000, 0x00000000c1d00000, 0x00000000c1d00000|100%| O|  |TAMS 0x00000000c1c00000, 0x00000000c1d00000| Untracked 
|   5|0x00000000c1d00000, 0x00000000c1e00000, 0x00000000c1e00000|100%| O|  |TAMS 0x00000000c1d00000, 0x00000000c1e00000| Untracked 
|   6|0x00000000c1e00000, 0x00000000c1f00000, 0x00000000c1f00000|100%| O|  |TAMS 0x00000000c1e00000, 0x00000000c1f00000| Untracked 
|   7|0x00000000c1f00000, 0x00000000c2000000, 0x00000000c2000000|100%| O|  |TAMS 0x00000000c1f00000, 0x00000000c2000000| Untracked 
|   8|0x00000000c2000000, 0x00000000c2100000, 0x00000000c2100000|100%| O|  |TAMS 0x00000000c2000000, 0x00000000c2100000| Untracked 
|   9|0x00000000c2100000, 0x00000000c2200000, 0x00000000c2200000|100%| O|  |TAMS 0x00000000c2100000, 0x00000000c2200000| Untracked 
|  10|0x00000000c2200000, 0x00000000c2300000, 0x00000000c2300000|100%| O|  |TAMS 0x00000000c2200000, 0x00000000c2300000| Untracked 
|  11|0x00000000c2300000, 0x00000000c2400000, 0x00000000c2400000|100%| O|  |TAMS 0x00000000c2300000, 0x00000000c2400000| Untracked 
|  12|0x00000000c2400000, 0x00000000c2500000, 0x00000000c2500000|100%| O|  |TAMS 0x00000000c2400000, 0x00000000c2500000| Untracked 
|  13|0x00000000c2500000, 0x00000000c2600000, 0x00000000c2600000|100%| O|  |TAMS 0x00000000c2500000, 0x00000000c2600000| Untracked 
|  14|0x00000000c2600000, 0x00000000c2700000, 0x00000000c2700000|100%| O|  |TAMS 0x00000000c2600000, 0x00000000c2700000| Untracked 
|  15|0x00000000c2700000, 0x00000000c2800000, 0x00000000c2800000|100%| O|  |TAMS 0x00000000c2700000, 0x00000000c2800000| Untracked 
|  16|0x00000000c2800000, 0x00000000c2900000, 0x00000000c2900000|100%| O|  |TAMS 0x00000000c2800000, 0x00000000c2900000| Untracked 
|  17|0x00000000c2900000, 0x00000000c2a00000, 0x00000000c2a00000|100%| O|  |TAMS 0x00000000c2900000, 0x00000000c2a00000| Untracked 
|  18|0x00000000c2a00000, 0x00000000c2b00000, 0x00000000c2b00000|100%|HS|  |TAMS 0x00000000c2a00000, 0x00000000c2b00000| Complete 
|  19|0x00000000c2b00000, 0x00000000c2c00000, 0x00000000c2c00000|100%| O|  |TAMS 0x00000000c2b00000, 0x00000000c2c00000| Untracked 
|  20|0x00000000c2c00000, 0x00000000c2d00000, 0x00000000c2d00000|100%| O|  |TAMS 0x00000000c2c00000, 0x00000000c2d00000| Untracked 
|  21|0x00000000c2d00000, 0x00000000c2e00000, 0x00000000c2e00000|100%| O|  |TAMS 0x00000000c2d00000, 0x00000000c2e00000| Untracked 
|  22|0x00000000c2e00000, 0x00000000c2f00000, 0x00000000c2f00000|100%| O|  |TAMS 0x00000000c2e00000, 0x00000000c2f00000| Untracked 
|  23|0x00000000c2f00000, 0x00000000c3000000, 0x00000000c3000000|100%| O|  |TAMS 0x00000000c2f00000, 0x00000000c3000000| Untracked 
|  24|0x00000000c3000000, 0x00000000c3100000, 0x00000000c3100000|100%| O|  |TAMS 0x00000000c3000000, 0x00000000c3100000| Untracked 
|  25|0x00000000c3100000, 0x00000000c3200000, 0x00000000c3200000|100%| O|  |TAMS 0x00000000c3100000, 0x00000000c3200000| Untracked 
|  26|0x00000000c3200000, 0x00000000c3300000, 0x00000000c3300000|100%| O|  |TAMS 0x00000000c3200000, 0x00000000c3300000| Untracked 
|  27|0x00000000c3300000, 0x00000000c3400000, 0x00000000c3400000|100%| O|  |TAMS 0x00000000c3300000, 0x00000000c3400000| Untracked 
|  28|0x00000000c3400000, 0x00000000c3500000, 0x00000000c3500000|100%| O|  |TAMS 0x00000000c3400000, 0x00000000c3500000| Untracked 
|  29|0x00000000c3500000, 0x00000000c3600000, 0x00000000c3600000|100%| O|  |TAMS 0x00000000c3500000, 0x00000000c3600000| Untracked 
|  30|0x00000000c3600000, 0x00000000c3700000, 0x00000000c3700000|100%| O|  |TAMS 0x00000000c3600000, 0x00000000c3700000| Untracked 
|  31|0x00000000c3700000, 0x00000000c3800000, 0x00000000c3800000|100%| O|  |TAMS 0x00000000c3700000, 0x00000000c3800000| Untracked 
|  32|0x00000000c3800000, 0x00000000c3900000, 0x00000000c3900000|100%| O|  |TAMS 0x00000000c3800000, 0x00000000c3900000| Untracked 
|  33|0x00000000c3900000, 0x00000000c3a00000, 0x00000000c3a00000|100%| O|  |TAMS 0x00000000c3900000, 0x00000000c3a00000| Untracked 
|  34|0x00000000c3a00000, 0x00000000c3b00000, 0x00000000c3b00000|100%| O|  |TAMS 0x00000000c3a00000, 0x00000000c3b00000| Untracked 
|  35|0x00000000c3b00000, 0x00000000c3c00000, 0x00000000c3c00000|100%|HS|  |TAMS 0x00000000c3b00000, 0x00000000c3c00000| Complete 
|  36|0x00000000c3c00000, 0x00000000c3d00000, 0x00000000c3d00000|100%| O|  |TAMS 0x00000000c3c00000, 0x00000000c3d00000| Untracked 
|  37|0x00000000c3d00000, 0x00000000c3e00000, 0x00000000c3e00000|100%| O|  |TAMS 0x00000000c3d00000, 0x00000000c3e00000| Untracked 
|  38|0x00000000c3e00000, 0x00000000c3f00000, 0x00000000c3f00000|100%| O|  |TAMS 0x00000000c3e00000, 0x00000000c3f00000| Untracked 
|  39|0x00000000c3f00000, 0x00000000c4000000, 0x00000000c4000000|100%| O|  |TAMS 0x00000000c3f00000, 0x00000000c4000000| Untracked 
|  40|0x00000000c4000000, 0x00000000c4100000, 0x00000000c4100000|100%| O|  |TAMS 0x00000000c4000000, 0x00000000c4100000| Untracked 
|  41|0x00000000c4100000, 0x00000000c4200000, 0x00000000c4200000|100%| O|  |TAMS 0x00000000c4100000, 0x00000000c4200000| Untracked 
|  42|0x00000000c4200000, 0x00000000c4300000, 0x00000000c4300000|100%| O|  |TAMS 0x00000000c4200000, 0x00000000c4300000| Untracked 
|  43|0x00000000c4300000, 0x00000000c4400000, 0x00000000c4400000|100%| O|  |TAMS 0x00000000c4300000, 0x00000000c4400000| Untracked 
|  44|0x00000000c4400000, 0x00000000c4500000, 0x00000000c4500000|100%| O|  |TAMS 0x00000000c4400000, 0x00000000c4500000| Untracked 
|  45|0x00000000c4500000, 0x00000000c4600000, 0x00000000c4600000|100%| O|  |TAMS 0x00000000c4500000, 0x00000000c4600000| Untracked 
|  46|0x00000000c4600000, 0x00000000c4700000, 0x00000000c4700000|100%| O|  |TAMS 0x00000000c4600000, 0x00000000c4700000| Untracked 
|  47|0x00000000c4700000, 0x00000000c4800000, 0x00000000c4800000|100%| O|  |TAMS 0x00000000c4700000, 0x00000000c4800000| Untracked 
|  48|0x00000000c4800000, 0x00000000c4900000, 0x00000000c4900000|100%| O|  |TAMS 0x00000000c4800000, 0x00000000c4900000| Untracked 
|  49|0x00000000c4900000, 0x00000000c4a00000, 0x00000000c4a00000|100%| O|  |TAMS 0x00000000c4900000, 0x00000000c4a00000| Untracked 
|  50|0x00000000c4a00000, 0x00000000c4b00000, 0x00000000c4b00000|100%| O|  |TAMS 0x00000000c4a00000, 0x00000000c4b00000| Untracked 
|  51|0x00000000c4b00000, 0x00000000c4c00000, 0x00000000c4c00000|100%| O|  |TAMS 0x00000000c4b00000, 0x00000000c4c00000| Untracked 
|  52|0x00000000c4c00000, 0x00000000c4d00000, 0x00000000c4d00000|100%| O|  |TAMS 0x00000000c4c00000, 0x00000000c4d00000| Untracked 
|  53|0x00000000c4d00000, 0x00000000c4e00000, 0x00000000c4e00000|100%| O|  |TAMS 0x00000000c4d00000, 0x00000000c4e00000| Untracked 
|  54|0x00000000c4e00000, 0x00000000c4f00000, 0x00000000c4f00000|100%|HS|  |TAMS 0x00000000c4e00000, 0x00000000c4f00000| Complete 
|  55|0x00000000c4f00000, 0x00000000c5000000, 0x00000000c5000000|100%|HC|  |TAMS 0x00000000c4f00000, 0x00000000c5000000| Complete 
|  56|0x00000000c5000000, 0x00000000c5100000, 0x00000000c5100000|100%| O|  |TAMS 0x00000000c5000000, 0x00000000c5100000| Untracked 
|  57|0x00000000c5100000, 0x00000000c5200000, 0x00000000c5200000|100%| O|  |TAMS 0x00000000c5100000, 0x00000000c5200000| Untracked 
|  58|0x00000000c5200000, 0x00000000c5300000, 0x00000000c5300000|100%| O|  |TAMS 0x00000000c5200000, 0x00000000c5300000| Untracked 
|  59|0x00000000c5300000, 0x00000000c5400000, 0x00000000c5400000|100%| O|  |TAMS 0x00000000c5300000, 0x00000000c5400000| Untracked 
|  60|0x00000000c5400000, 0x00000000c5500000, 0x00000000c5500000|100%| O|  |TAMS 0x00000000c5400000, 0x00000000c5500000| Untracked 
|  61|0x00000000c5500000, 0x00000000c5600000, 0x00000000c5600000|100%| O|  |TAMS 0x00000000c5500000, 0x00000000c5600000| Untracked 
|  62|0x00000000c5600000, 0x00000000c5700000, 0x00000000c5700000|100%| O|  |TAMS 0x00000000c5600000, 0x00000000c5700000| Untracked 
|  63|0x00000000c5700000, 0x00000000c5800000, 0x00000000c5800000|100%| O|  |TAMS 0x00000000c5700000, 0x00000000c5800000| Untracked 
|  64|0x00000000c5800000, 0x00000000c5900000, 0x00000000c5900000|100%| O|  |TAMS 0x00000000c5800000, 0x00000000c5900000| Untracked 
|  65|0x00000000c5900000, 0x00000000c5a00000, 0x00000000c5a00000|100%| O|  |TAMS 0x00000000c5900000, 0x00000000c5a00000| Untracked 
|  66|0x00000000c5a00000, 0x00000000c5b00000, 0x00000000c5b00000|100%| O|  |TAMS 0x00000000c5a00000, 0x00000000c5b00000| Untracked 
|  67|0x00000000c5b00000, 0x00000000c5c00000, 0x00000000c5c00000|100%| O|  |TAMS 0x00000000c5b00000, 0x00000000c5c00000| Untracked 
|  68|0x00000000c5c00000, 0x00000000c5d00000, 0x00000000c5d00000|100%| O|  |TAMS 0x00000000c5c00000, 0x00000000c5d00000| Untracked 
|  69|0x00000000c5d00000, 0x00000000c5e00000, 0x00000000c5e00000|100%| O|  |TAMS 0x00000000c5d00000, 0x00000000c5e00000| Untracked 
|  70|0x00000000c5e00000, 0x00000000c5f00000, 0x00000000c5f00000|100%| O|  |TAMS 0x00000000c5e00000, 0x00000000c5f00000| Untracked 
|  71|0x00000000c5f00000, 0x00000000c6000000, 0x00000000c6000000|100%| O|  |TAMS 0x00000000c5f00000, 0x00000000c6000000| Untracked 
|  72|0x00000000c6000000, 0x00000000c6100000, 0x00000000c6100000|100%| O|  |TAMS 0x00000000c6000000, 0x00000000c6100000| Untracked 
|  73|0x00000000c6100000, 0x00000000c6200000, 0x00000000c6200000|100%| O|  |TAMS 0x00000000c6100000, 0x00000000c6200000| Untracked 
|  74|0x00000000c6200000, 0x00000000c6300000, 0x00000000c6300000|100%| O|  |TAMS 0x00000000c6200000, 0x00000000c6300000| Untracked 
|  75|0x00000000c6300000, 0x00000000c6400000, 0x00000000c6400000|100%| O|  |TAMS 0x00000000c6300000, 0x00000000c6400000| Untracked 
|  76|0x00000000c6400000, 0x00000000c6500000, 0x00000000c6500000|100%| O|  |TAMS 0x00000000c6400000, 0x00000000c6500000| Untracked 
|  77|0x00000000c6500000, 0x00000000c6600000, 0x00000000c6600000|100%| O|  |TAMS 0x00000000c6500000, 0x00000000c6600000| Untracked 
|  78|0x00000000c6600000, 0x00000000c6700000, 0x00000000c6700000|100%| O|  |TAMS 0x00000000c6600000, 0x00000000c6700000| Untracked 
|  79|0x00000000c6700000, 0x00000000c6800000, 0x00000000c6800000|100%| O|  |TAMS 0x00000000c6700000, 0x00000000c6800000| Untracked 
|  80|0x00000000c6800000, 0x00000000c6900000, 0x00000000c6900000|100%| O|  |TAMS 0x00000000c6800000, 0x00000000c6900000| Untracked 
|  81|0x00000000c6900000, 0x00000000c6a00000, 0x00000000c6a00000|100%| O|  |TAMS 0x00000000c6900000, 0x00000000c6a00000| Untracked 
|  82|0x00000000c6a00000, 0x00000000c6b00000, 0x00000000c6b00000|100%| O|  |TAMS 0x00000000c6a00000, 0x00000000c6b00000| Untracked 
|  83|0x00000000c6b00000, 0x00000000c6c00000, 0x00000000c6c00000|100%|HS|  |TAMS 0x00000000c6b00000, 0x00000000c6b00000| Complete 
|  84|0x00000000c6c00000, 0x00000000c6d00000, 0x00000000c6d00000|100%|HC|  |TAMS 0x00000000c6c00000, 0x00000000c6c00000| Complete 
|  85|0x00000000c6d00000, 0x00000000c6d00000, 0x00000000c6e00000|  0%| F|  |TAMS 0x00000000c6d00000, 0x00000000c6d00000| Untracked 
|  86|0x00000000c6e00000, 0x00000000c6f00000, 0x00000000c6f00000|100%| O|  |TAMS 0x00000000c6e00000, 0x00000000c6f00000| Untracked 
|  87|0x00000000c6f00000, 0x00000000c7000000, 0x00000000c7000000|100%| O|  |TAMS 0x00000000c6f00000, 0x00000000c7000000| Untracked 
|  88|0x00000000c7000000, 0x00000000c7100000, 0x00000000c7100000|100%| O|  |TAMS 0x00000000c7000000, 0x00000000c7100000| Untracked 
|  89|0x00000000c7100000, 0x00000000c7200000, 0x00000000c7200000|100%| O|  |TAMS 0x00000000c7100000, 0x00000000c7200000| Untracked 
|  90|0x00000000c7200000, 0x00000000c7300000, 0x00000000c7300000|100%| O|  |TAMS 0x00000000c7200000, 0x00000000c7300000| Untracked 
|  91|0x00000000c7300000, 0x00000000c7400000, 0x00000000c7400000|100%| O|  |TAMS 0x00000000c7300000, 0x00000000c7400000| Untracked 
|  92|0x00000000c7400000, 0x00000000c7500000, 0x00000000c7500000|100%| O|  |TAMS 0x00000000c7400000, 0x00000000c7500000| Untracked 
|  93|0x00000000c7500000, 0x00000000c7600000, 0x00000000c7600000|100%| O|  |TAMS 0x00000000c7500000, 0x00000000c7600000| Untracked 
|  94|0x00000000c7600000, 0x00000000c7700000, 0x00000000c7700000|100%|HS|  |TAMS 0x00000000c7600000, 0x00000000c7600000| Complete 
|  95|0x00000000c7700000, 0x00000000c7800000, 0x00000000c7800000|100%|HC|  |TAMS 0x00000000c7700000, 0x00000000c7700000| Complete 
|  96|0x00000000c7800000, 0x00000000c7900000, 0x00000000c7900000|100%|HS|  |TAMS 0x00000000c7800000, 0x00000000c7800000| Complete 
|  97|0x00000000c7900000, 0x00000000c7a00000, 0x00000000c7a00000|100%|HC|  |TAMS 0x00000000c7900000, 0x00000000c7900000| Complete 
|  98|0x00000000c7a00000, 0x00000000c7a00000, 0x00000000c7b00000|  0%| F|  |TAMS 0x00000000c7a00000, 0x00000000c7a00000| Untracked 
|  99|0x00000000c7b00000, 0x00000000c7b00000, 0x00000000c7c00000|  0%| F|  |TAMS 0x00000000c7b00000, 0x00000000c7b00000| Untracked 
| 100|0x00000000c7c00000, 0x00000000c7c00000, 0x00000000c7d00000|  0%| F|  |TAMS 0x00000000c7c00000, 0x00000000c7c00000| Untracked 
| 101|0x00000000c7d00000, 0x00000000c7d00000, 0x00000000c7e00000|  0%| F|  |TAMS 0x00000000c7d00000, 0x00000000c7d00000| Untracked 
| 102|0x00000000c7e00000, 0x00000000c7f00000, 0x00000000c7f00000|100%|HS|  |TAMS 0x00000000c7e00000, 0x00000000c7f00000| Complete 
| 103|0x00000000c7f00000, 0x00000000c8000000, 0x00000000c8000000|100%|HC|  |TAMS 0x00000000c7f00000, 0x00000000c8000000| Complete 
| 104|0x00000000c8000000, 0x00000000c8100000, 0x00000000c8100000|100%|HC|  |TAMS 0x00000000c8000000, 0x00000000c8100000| Complete 
| 105|0x00000000c8100000, 0x00000000c8200000, 0x00000000c8200000|100%|HS|  |TAMS 0x00000000c8100000, 0x00000000c8200000| Complete 
| 106|0x00000000c8200000, 0x00000000c8300000, 0x00000000c8300000|100%|HC|  |TAMS 0x00000000c8200000, 0x00000000c8300000| Complete 
| 107|0x00000000c8300000, 0x00000000c8400000, 0x00000000c8400000|100%| O|  |TAMS 0x00000000c8300000, 0x00000000c8400000| Untracked 
| 108|0x00000000c8400000, 0x00000000c8500000, 0x00000000c8500000|100%| O|  |TAMS 0x00000000c8400000, 0x00000000c8500000| Untracked 
| 109|0x00000000c8500000, 0x00000000c8600000, 0x00000000c8600000|100%| O|  |TAMS 0x00000000c8500000, 0x00000000c8600000| Untracked 
| 110|0x00000000c8600000, 0x00000000c8642600, 0x00000000c8700000| 25%| O|  |TAMS 0x00000000c8600000, 0x00000000c8642600| Untracked 
| 111|0x00000000c8700000, 0x00000000c8700000, 0x00000000c8800000|  0%| F|  |TAMS 0x00000000c8700000, 0x00000000c8700000| Untracked 
| 112|0x00000000c8800000, 0x00000000c8800000, 0x00000000c8900000|  0%| F|  |TAMS 0x00000000c8800000, 0x00000000c8800000| Untracked 
| 113|0x00000000c8900000, 0x00000000c8900000, 0x00000000c8a00000|  0%| F|  |TAMS 0x00000000c8900000, 0x00000000c8900000| Untracked 
| 114|0x00000000c8a00000, 0x00000000c8a00000, 0x00000000c8b00000|  0%| F|  |TAMS 0x00000000c8a00000, 0x00000000c8a00000| Untracked 
| 115|0x00000000c8b00000, 0x00000000c8b00000, 0x00000000c8c00000|  0%| F|  |TAMS 0x00000000c8b00000, 0x00000000c8b00000| Untracked 
| 116|0x00000000c8c00000, 0x00000000c8c00000, 0x00000000c8d00000|  0%| F|  |TAMS 0x00000000c8c00000, 0x00000000c8c00000| Untracked 
| 117|0x00000000c8d00000, 0x00000000c8d00000, 0x00000000c8e00000|  0%| F|  |TAMS 0x00000000c8d00000, 0x00000000c8d00000| Untracked 
| 118|0x00000000c8e00000, 0x00000000c8e00000, 0x00000000c8f00000|  0%| F|  |TAMS 0x00000000c8e00000, 0x00000000c8e00000| Untracked 
| 119|0x00000000c8f00000, 0x00000000c8f00000, 0x00000000c9000000|  0%| F|  |TAMS 0x00000000c8f00000, 0x00000000c8f00000| Untracked 
| 120|0x00000000c9000000, 0x00000000c9000000, 0x00000000c9100000|  0%| F|  |TAMS 0x00000000c9000000, 0x00000000c9000000| Untracked 
| 121|0x00000000c9100000, 0x00000000c9100000, 0x00000000c9200000|  0%| F|  |TAMS 0x00000000c9100000, 0x00000000c9100000| Untracked 
| 122|0x00000000c9200000, 0x00000000c9200000, 0x00000000c9300000|  0%| F|  |TAMS 0x00000000c9200000, 0x00000000c9200000| Untracked 
| 123|0x00000000c9300000, 0x00000000c9300000, 0x00000000c9400000|  0%| F|  |TAMS 0x00000000c9300000, 0x00000000c9300000| Untracked 
| 124|0x00000000c9400000, 0x00000000c9400000, 0x00000000c9500000|  0%| F|  |TAMS 0x00000000c9400000, 0x00000000c9400000| Untracked 
| 125|0x00000000c9500000, 0x00000000c9500000, 0x00000000c9600000|  0%| F|  |TAMS 0x00000000c9500000, 0x00000000c9500000| Untracked 
| 126|0x00000000c9600000, 0x00000000c9600000, 0x00000000c9700000|  0%| F|  |TAMS 0x00000000c9600000, 0x00000000c9600000| Untracked 
| 127|0x00000000c9700000, 0x00000000c9700000, 0x00000000c9800000|  0%| F|  |TAMS 0x00000000c9700000, 0x00000000c9700000| Untracked 
| 128|0x00000000c9800000, 0x00000000c9800000, 0x00000000c9900000|  0%| F|  |TAMS 0x00000000c9800000, 0x00000000c9800000| Untracked 
| 129|0x00000000c9900000, 0x00000000c9900000, 0x00000000c9a00000|  0%| F|  |TAMS 0x00000000c9900000, 0x00000000c9900000| Untracked 
| 130|0x00000000c9a00000, 0x00000000c9a00000, 0x00000000c9b00000|  0%| F|  |TAMS 0x00000000c9a00000, 0x00000000c9a00000| Untracked 
| 131|0x00000000c9b00000, 0x00000000c9b00000, 0x00000000c9c00000|  0%| F|  |TAMS 0x00000000c9b00000, 0x00000000c9b00000| Untracked 
| 132|0x00000000c9c00000, 0x00000000c9c00000, 0x00000000c9d00000|  0%| F|  |TAMS 0x00000000c9c00000, 0x00000000c9c00000| Untracked 
| 133|0x00000000c9d00000, 0x00000000c9d00000, 0x00000000c9e00000|  0%| F|  |TAMS 0x00000000c9d00000, 0x00000000c9d00000| Untracked 
| 134|0x00000000c9e00000, 0x00000000c9e00000, 0x00000000c9f00000|  0%| F|  |TAMS 0x00000000c9e00000, 0x00000000c9e00000| Untracked 
| 135|0x00000000c9f00000, 0x00000000c9f00000, 0x00000000ca000000|  0%| F|  |TAMS 0x00000000c9f00000, 0x00000000c9f00000| Untracked 
| 136|0x00000000ca000000, 0x00000000ca000000, 0x00000000ca100000|  0%| F|  |TAMS 0x00000000ca000000, 0x00000000ca000000| Untracked 
| 137|0x00000000ca100000, 0x00000000ca100000, 0x00000000ca200000|  0%| F|  |TAMS 0x00000000ca100000, 0x00000000ca100000| Untracked 
| 138|0x00000000ca200000, 0x00000000ca200000, 0x00000000ca300000|  0%| F|  |TAMS 0x00000000ca200000, 0x00000000ca200000| Untracked 
| 139|0x00000000ca300000, 0x00000000ca300000, 0x00000000ca400000|  0%| F|  |TAMS 0x00000000ca300000, 0x00000000ca300000| Untracked 
| 140|0x00000000ca400000, 0x00000000ca400000, 0x00000000ca500000|  0%| F|  |TAMS 0x00000000ca400000, 0x00000000ca400000| Untracked 
| 141|0x00000000ca500000, 0x00000000ca500000, 0x00000000ca600000|  0%| F|  |TAMS 0x00000000ca500000, 0x00000000ca500000| Untracked 
| 142|0x00000000ca600000, 0x00000000ca600000, 0x00000000ca700000|  0%| F|  |TAMS 0x00000000ca600000, 0x00000000ca600000| Untracked 
| 143|0x00000000ca700000, 0x00000000ca700000, 0x00000000ca800000|  0%| F|  |TAMS 0x00000000ca700000, 0x00000000ca700000| Untracked 
| 144|0x00000000ca800000, 0x00000000ca800000, 0x00000000ca900000|  0%| F|  |TAMS 0x00000000ca800000, 0x00000000ca800000| Untracked 
| 145|0x00000000ca900000, 0x00000000ca900000, 0x00000000caa00000|  0%| F|  |TAMS 0x00000000ca900000, 0x00000000ca900000| Untracked 
| 146|0x00000000caa00000, 0x00000000caa00000, 0x00000000cab00000|  0%| F|  |TAMS 0x00000000caa00000, 0x00000000caa00000| Untracked 
| 147|0x00000000cab00000, 0x00000000cab00000, 0x00000000cac00000|  0%| F|  |TAMS 0x00000000cab00000, 0x00000000cab00000| Untracked 
| 148|0x00000000cac00000, 0x00000000cac00000, 0x00000000cad00000|  0%| F|  |TAMS 0x00000000cac00000, 0x00000000cac00000| Untracked 
| 149|0x00000000cad00000, 0x00000000cad00000, 0x00000000cae00000|  0%| F|  |TAMS 0x00000000cad00000, 0x00000000cad00000| Untracked 
| 150|0x00000000cae00000, 0x00000000cae00000, 0x00000000caf00000|  0%| F|  |TAMS 0x00000000cae00000, 0x00000000cae00000| Untracked 
| 151|0x00000000caf00000, 0x00000000caf00000, 0x00000000cb000000|  0%| F|  |TAMS 0x00000000caf00000, 0x00000000caf00000| Untracked 
| 152|0x00000000cb000000, 0x00000000cb000000, 0x00000000cb100000|  0%| F|  |TAMS 0x00000000cb000000, 0x00000000cb000000| Untracked 
| 153|0x00000000cb100000, 0x00000000cb100000, 0x00000000cb200000|  0%| F|  |TAMS 0x00000000cb100000, 0x00000000cb100000| Untracked 
| 154|0x00000000cb200000, 0x00000000cb200000, 0x00000000cb300000|  0%| F|  |TAMS 0x00000000cb200000, 0x00000000cb200000| Untracked 
| 155|0x00000000cb300000, 0x00000000cb300000, 0x00000000cb400000|  0%| F|  |TAMS 0x00000000cb300000, 0x00000000cb300000| Untracked 
| 156|0x00000000cb400000, 0x00000000cb400000, 0x00000000cb500000|  0%| F|  |TAMS 0x00000000cb400000, 0x00000000cb400000| Untracked 
| 157|0x00000000cb500000, 0x00000000cb500000, 0x00000000cb600000|  0%| F|  |TAMS 0x00000000cb500000, 0x00000000cb500000| Untracked 
| 158|0x00000000cb600000, 0x00000000cb600000, 0x00000000cb700000|  0%| F|  |TAMS 0x00000000cb600000, 0x00000000cb600000| Untracked 
| 159|0x00000000cb700000, 0x00000000cb700000, 0x00000000cb800000|  0%| F|  |TAMS 0x00000000cb700000, 0x00000000cb700000| Untracked 
| 160|0x00000000cb800000, 0x00000000cb800000, 0x00000000cb900000|  0%| F|  |TAMS 0x00000000cb800000, 0x00000000cb800000| Untracked 
| 161|0x00000000cb900000, 0x00000000cb900000, 0x00000000cba00000|  0%| F|  |TAMS 0x00000000cb900000, 0x00000000cb900000| Untracked 
| 162|0x00000000cba00000, 0x00000000cba00000, 0x00000000cbb00000|  0%| F|  |TAMS 0x00000000cba00000, 0x00000000cba00000| Untracked 
| 163|0x00000000cbb00000, 0x00000000cbb00000, 0x00000000cbc00000|  0%| F|  |TAMS 0x00000000cbb00000, 0x00000000cbb00000| Untracked 
| 164|0x00000000cbc00000, 0x00000000cbc00000, 0x00000000cbd00000|  0%| F|  |TAMS 0x00000000cbc00000, 0x00000000cbc00000| Untracked 
| 165|0x00000000cbd00000, 0x00000000cbd00000, 0x00000000cbe00000|  0%| F|  |TAMS 0x00000000cbd00000, 0x00000000cbd00000| Untracked 
| 166|0x00000000cbe00000, 0x00000000cbe00000, 0x00000000cbf00000|  0%| F|  |TAMS 0x00000000cbe00000, 0x00000000cbe00000| Untracked 
| 167|0x00000000cbf00000, 0x00000000cbf00000, 0x00000000cc000000|  0%| F|  |TAMS 0x00000000cbf00000, 0x00000000cbf00000| Untracked 
| 168|0x00000000cc000000, 0x00000000cc000000, 0x00000000cc100000|  0%| F|  |TAMS 0x00000000cc000000, 0x00000000cc000000| Untracked 
| 169|0x00000000cc100000, 0x00000000cc100000, 0x00000000cc200000|  0%| F|  |TAMS 0x00000000cc100000, 0x00000000cc100000| Untracked 
| 170|0x00000000cc200000, 0x00000000cc200000, 0x00000000cc300000|  0%| F|  |TAMS 0x00000000cc200000, 0x00000000cc200000| Untracked 
| 171|0x00000000cc300000, 0x00000000cc300000, 0x00000000cc400000|  0%| F|  |TAMS 0x00000000cc300000, 0x00000000cc300000| Untracked 
| 172|0x00000000cc400000, 0x00000000cc400000, 0x00000000cc500000|  0%| F|  |TAMS 0x00000000cc400000, 0x00000000cc400000| Untracked 
| 173|0x00000000cc500000, 0x00000000cc500000, 0x00000000cc600000|  0%| F|  |TAMS 0x00000000cc500000, 0x00000000cc500000| Untracked 
| 174|0x00000000cc600000, 0x00000000cc600000, 0x00000000cc700000|  0%| F|  |TAMS 0x00000000cc600000, 0x00000000cc600000| Untracked 
| 175|0x00000000cc700000, 0x00000000cc700000, 0x00000000cc800000|  0%| F|  |TAMS 0x00000000cc700000, 0x00000000cc700000| Untracked 
| 176|0x00000000cc800000, 0x00000000cc800000, 0x00000000cc900000|  0%| F|  |TAMS 0x00000000cc800000, 0x00000000cc800000| Untracked 
| 177|0x00000000cc900000, 0x00000000cc900000, 0x00000000cca00000|  0%| F|  |TAMS 0x00000000cc900000, 0x00000000cc900000| Untracked 
| 178|0x00000000cca00000, 0x00000000cca00000, 0x00000000ccb00000|  0%| F|  |TAMS 0x00000000cca00000, 0x00000000cca00000| Untracked 
| 179|0x00000000ccb00000, 0x00000000ccb00000, 0x00000000ccc00000|  0%| F|  |TAMS 0x00000000ccb00000, 0x00000000ccb00000| Untracked 
| 180|0x00000000ccc00000, 0x00000000ccc00000, 0x00000000ccd00000|  0%| F|  |TAMS 0x00000000ccc00000, 0x00000000ccc00000| Untracked 
| 181|0x00000000ccd00000, 0x00000000ccd00000, 0x00000000cce00000|  0%| F|  |TAMS 0x00000000ccd00000, 0x00000000ccd00000| Untracked 
| 182|0x00000000cce00000, 0x00000000cce00000, 0x00000000ccf00000|  0%| F|  |TAMS 0x00000000cce00000, 0x00000000cce00000| Untracked 
| 183|0x00000000ccf00000, 0x00000000ccf00000, 0x00000000cd000000|  0%| F|  |TAMS 0x00000000ccf00000, 0x00000000ccf00000| Untracked 
| 184|0x00000000cd000000, 0x00000000cd0b0980, 0x00000000cd100000| 68%| S|CS|TAMS 0x00000000cd000000, 0x00000000cd000000| Complete 
| 185|0x00000000cd100000, 0x00000000cd200000, 0x00000000cd200000|100%| S|CS|TAMS 0x00000000cd100000, 0x00000000cd100000| Complete 
| 186|0x00000000cd200000, 0x00000000cd300000, 0x00000000cd300000|100%| S|CS|TAMS 0x00000000cd200000, 0x00000000cd200000| Complete 
| 187|0x00000000cd300000, 0x00000000cd400000, 0x00000000cd400000|100%| S|CS|TAMS 0x00000000cd300000, 0x00000000cd300000| Complete 
| 188|0x00000000cd400000, 0x00000000cd400000, 0x00000000cd500000|  0%| F|  |TAMS 0x00000000cd400000, 0x00000000cd400000| Untracked 
| 189|0x00000000cd500000, 0x00000000cd500000, 0x00000000cd600000|  0%| F|  |TAMS 0x00000000cd500000, 0x00000000cd500000| Untracked 
| 190|0x00000000cd600000, 0x00000000cd600000, 0x00000000cd700000|  0%| F|  |TAMS 0x00000000cd600000, 0x00000000cd600000| Untracked 
| 191|0x00000000cd700000, 0x00000000cd700000, 0x00000000cd800000|  0%| F|  |TAMS 0x00000000cd700000, 0x00000000cd700000| Untracked 
| 192|0x00000000cd800000, 0x00000000cd800000, 0x00000000cd900000|  0%| F|  |TAMS 0x00000000cd800000, 0x00000000cd800000| Untracked 
| 193|0x00000000cd900000, 0x00000000cd900000, 0x00000000cda00000|  0%| F|  |TAMS 0x00000000cd900000, 0x00000000cd900000| Untracked 
| 194|0x00000000cda00000, 0x00000000cda00000, 0x00000000cdb00000|  0%| F|  |TAMS 0x00000000cda00000, 0x00000000cda00000| Untracked 
| 195|0x00000000cdb00000, 0x00000000cdb00000, 0x00000000cdc00000|  0%| F|  |TAMS 0x00000000cdb00000, 0x00000000cdb00000| Untracked 
| 196|0x00000000cdc00000, 0x00000000cdc00000, 0x00000000cdd00000|  0%| F|  |TAMS 0x00000000cdc00000, 0x00000000cdc00000| Untracked 
| 197|0x00000000cdd00000, 0x00000000cdd00000, 0x00000000cde00000|  0%| F|  |TAMS 0x00000000cdd00000, 0x00000000cdd00000| Untracked 
| 198|0x00000000cde00000, 0x00000000cde00000, 0x00000000cdf00000|  0%| F|  |TAMS 0x00000000cde00000, 0x00000000cde00000| Untracked 
| 199|0x00000000cdf00000, 0x00000000cdf00000, 0x00000000ce000000|  0%| F|  |TAMS 0x00000000cdf00000, 0x00000000cdf00000| Untracked 
| 200|0x00000000ce000000, 0x00000000ce000000, 0x00000000ce100000|  0%| F|  |TAMS 0x00000000ce000000, 0x00000000ce000000| Untracked 
| 201|0x00000000ce100000, 0x00000000ce100000, 0x00000000ce200000|  0%| F|  |TAMS 0x00000000ce100000, 0x00000000ce100000| Untracked 
| 202|0x00000000ce200000, 0x00000000ce200000, 0x00000000ce300000|  0%| F|  |TAMS 0x00000000ce200000, 0x00000000ce200000| Untracked 
| 203|0x00000000ce300000, 0x00000000ce300000, 0x00000000ce400000|  0%| F|  |TAMS 0x00000000ce300000, 0x00000000ce300000| Untracked 
| 204|0x00000000ce400000, 0x00000000ce400000, 0x00000000ce500000|  0%| F|  |TAMS 0x00000000ce400000, 0x00000000ce400000| Untracked 
| 205|0x00000000ce500000, 0x00000000ce500000, 0x00000000ce600000|  0%| F|  |TAMS 0x00000000ce500000, 0x00000000ce500000| Untracked 
| 206|0x00000000ce600000, 0x00000000ce600000, 0x00000000ce700000|  0%| F|  |TAMS 0x00000000ce600000, 0x00000000ce600000| Untracked 
| 207|0x00000000ce700000, 0x00000000ce700000, 0x00000000ce800000|  0%| F|  |TAMS 0x00000000ce700000, 0x00000000ce700000| Untracked 
| 208|0x00000000ce800000, 0x00000000ce800000, 0x00000000ce900000|  0%| F|  |TAMS 0x00000000ce800000, 0x00000000ce800000| Untracked 
| 209|0x00000000ce900000, 0x00000000ce900000, 0x00000000cea00000|  0%| F|  |TAMS 0x00000000ce900000, 0x00000000ce900000| Untracked 
| 210|0x00000000cea00000, 0x00000000cea00000, 0x00000000ceb00000|  0%| F|  |TAMS 0x00000000cea00000, 0x00000000cea00000| Untracked 
| 211|0x00000000ceb00000, 0x00000000ceb00000, 0x00000000cec00000|  0%| F|  |TAMS 0x00000000ceb00000, 0x00000000ceb00000| Untracked 
| 212|0x00000000cec00000, 0x00000000cec00000, 0x00000000ced00000|  0%| F|  |TAMS 0x00000000cec00000, 0x00000000cec00000| Untracked 
| 213|0x00000000ced00000, 0x00000000ced00000, 0x00000000cee00000|  0%| F|  |TAMS 0x00000000ced00000, 0x00000000ced00000| Untracked 
| 214|0x00000000cee00000, 0x00000000cee00000, 0x00000000cef00000|  0%| F|  |TAMS 0x00000000cee00000, 0x00000000cee00000| Untracked 
| 215|0x00000000cef00000, 0x00000000cef00000, 0x00000000cf000000|  0%| F|  |TAMS 0x00000000cef00000, 0x00000000cef00000| Untracked 
| 216|0x00000000cf000000, 0x00000000cf000000, 0x00000000cf100000|  0%| F|  |TAMS 0x00000000cf000000, 0x00000000cf000000| Untracked 
| 217|0x00000000cf100000, 0x00000000cf100000, 0x00000000cf200000|  0%| F|  |TAMS 0x00000000cf100000, 0x00000000cf100000| Untracked 
| 218|0x00000000cf200000, 0x00000000cf200000, 0x00000000cf300000|  0%| F|  |TAMS 0x00000000cf200000, 0x00000000cf200000| Untracked 
| 219|0x00000000cf300000, 0x00000000cf300000, 0x00000000cf400000|  0%| F|  |TAMS 0x00000000cf300000, 0x00000000cf300000| Untracked 
| 220|0x00000000cf400000, 0x00000000cf400000, 0x00000000cf500000|  0%| F|  |TAMS 0x00000000cf400000, 0x00000000cf400000| Untracked 
| 221|0x00000000cf500000, 0x00000000cf500000, 0x00000000cf600000|  0%| F|  |TAMS 0x00000000cf500000, 0x00000000cf500000| Untracked 
| 222|0x00000000cf600000, 0x00000000cf600000, 0x00000000cf700000|  0%| F|  |TAMS 0x00000000cf600000, 0x00000000cf600000| Untracked 
| 223|0x00000000cf700000, 0x00000000cf700000, 0x00000000cf800000|  0%| F|  |TAMS 0x00000000cf700000, 0x00000000cf700000| Untracked 
| 224|0x00000000cf800000, 0x00000000cf800000, 0x00000000cf900000|  0%| F|  |TAMS 0x00000000cf800000, 0x00000000cf800000| Untracked 
| 225|0x00000000cf900000, 0x00000000cf900000, 0x00000000cfa00000|  0%| F|  |TAMS 0x00000000cf900000, 0x00000000cf900000| Untracked 
| 226|0x00000000cfa00000, 0x00000000cfa00000, 0x00000000cfb00000|  0%| F|  |TAMS 0x00000000cfa00000, 0x00000000cfa00000| Untracked 
| 227|0x00000000cfb00000, 0x00000000cfb00000, 0x00000000cfc00000|  0%| F|  |TAMS 0x00000000cfb00000, 0x00000000cfb00000| Untracked 
| 228|0x00000000cfc00000, 0x00000000cfc00000, 0x00000000cfd00000|  0%| F|  |TAMS 0x00000000cfc00000, 0x00000000cfc00000| Untracked 
| 229|0x00000000cfd00000, 0x00000000cfd00000, 0x00000000cfe00000|  0%| F|  |TAMS 0x00000000cfd00000, 0x00000000cfd00000| Untracked 
| 230|0x00000000cfe00000, 0x00000000cfe00000, 0x00000000cff00000|  0%| F|  |TAMS 0x00000000cfe00000, 0x00000000cfe00000| Untracked 
| 231|0x00000000cff00000, 0x00000000cff00000, 0x00000000d0000000|  0%| F|  |TAMS 0x00000000cff00000, 0x00000000cff00000| Untracked 
| 232|0x00000000d0000000, 0x00000000d0000000, 0x00000000d0100000|  0%| F|  |TAMS 0x00000000d0000000, 0x00000000d0000000| Untracked 
| 233|0x00000000d0100000, 0x00000000d0100000, 0x00000000d0200000|  0%| F|  |TAMS 0x00000000d0100000, 0x00000000d0100000| Untracked 
| 234|0x00000000d0200000, 0x00000000d0200000, 0x00000000d0300000|  0%| F|  |TAMS 0x00000000d0200000, 0x00000000d0200000| Untracked 
| 235|0x00000000d0300000, 0x00000000d0300000, 0x00000000d0400000|  0%| F|  |TAMS 0x00000000d0300000, 0x00000000d0300000| Untracked 
| 236|0x00000000d0400000, 0x00000000d0400000, 0x00000000d0500000|  0%| F|  |TAMS 0x00000000d0400000, 0x00000000d0400000| Untracked 
| 237|0x00000000d0500000, 0x00000000d0500000, 0x00000000d0600000|  0%| F|  |TAMS 0x00000000d0500000, 0x00000000d0500000| Untracked 
| 238|0x00000000d0600000, 0x00000000d0600000, 0x00000000d0700000|  0%| F|  |TAMS 0x00000000d0600000, 0x00000000d0600000| Untracked 
| 239|0x00000000d0700000, 0x00000000d0700000, 0x00000000d0800000|  0%| F|  |TAMS 0x00000000d0700000, 0x00000000d0700000| Untracked 
| 240|0x00000000d0800000, 0x00000000d0800000, 0x00000000d0900000|  0%| F|  |TAMS 0x00000000d0800000, 0x00000000d0800000| Untracked 
| 241|0x00000000d0900000, 0x00000000d0900000, 0x00000000d0a00000|  0%| F|  |TAMS 0x00000000d0900000, 0x00000000d0900000| Untracked 
| 242|0x00000000d0a00000, 0x00000000d0a00000, 0x00000000d0b00000|  0%| F|  |TAMS 0x00000000d0a00000, 0x00000000d0a00000| Untracked 
| 243|0x00000000d0b00000, 0x00000000d0b00000, 0x00000000d0c00000|  0%| F|  |TAMS 0x00000000d0b00000, 0x00000000d0b00000| Untracked 
| 244|0x00000000d0c00000, 0x00000000d0c00000, 0x00000000d0d00000|  0%| F|  |TAMS 0x00000000d0c00000, 0x00000000d0c00000| Untracked 
| 245|0x00000000d0d00000, 0x00000000d0d00000, 0x00000000d0e00000|  0%| F|  |TAMS 0x00000000d0d00000, 0x00000000d0d00000| Untracked 
| 246|0x00000000d0e00000, 0x00000000d0e00000, 0x00000000d0f00000|  0%| F|  |TAMS 0x00000000d0e00000, 0x00000000d0e00000| Untracked 
| 247|0x00000000d0f00000, 0x00000000d0f00000, 0x00000000d1000000|  0%| F|  |TAMS 0x00000000d0f00000, 0x00000000d0f00000| Untracked 
| 248|0x00000000d1000000, 0x00000000d1000000, 0x00000000d1100000|  0%| F|  |TAMS 0x00000000d1000000, 0x00000000d1000000| Untracked 
| 249|0x00000000d1100000, 0x00000000d1100000, 0x00000000d1200000|  0%| F|  |TAMS 0x00000000d1100000, 0x00000000d1100000| Untracked 
| 250|0x00000000d1200000, 0x00000000d1299b88, 0x00000000d1300000| 60%| E|  |TAMS 0x00000000d1200000, 0x00000000d1200000| Complete 
| 251|0x00000000d1300000, 0x00000000d1400000, 0x00000000d1400000|100%| E|CS|TAMS 0x00000000d1300000, 0x00000000d1300000| Complete 

Card table byte_map: [0x0000026147430000,0x0000026147630000] _byte_map_base: 0x0000026146e24000

Marking Bits (Prev, Next): (CMBitMap*) 0x000002613073e830, (CMBitMap*) 0x000002613073e870
 Prev Bits: [0x0000026147830000, 0x00000261487d0000)
 Next Bits: [0x00000261487d0000, 0x0000026149770000)

Polling page: 0x000002612fee0000

Metaspace:

Usage:
  Non-class:      6.41 MB used.
      Class:    687.98 KB used.
       Both:      7.08 MB used.

Virtual space:
  Non-class space:        8.00 MB reserved,       6.44 MB ( 80%) committed,  1 nodes.
      Class space:        1.00 GB reserved,     768.00 KB ( <1%) committed,  1 nodes.
             Both:        1.01 GB reserved,       7.19 MB ( <1%) committed. 

Chunk freelists:
   Non-Class:  710.00 KB
       Class:  3.16 MB
        Both:  3.85 MB

MaxMetaspaceSize: unlimited
CompressedClassSpaceSize: 1.00 GB
Initial GC threshold: 21.00 MB
Current GC threshold: 21.00 MB
CDS: on
MetaspaceReclaimPolicy: balanced
 - commit_granule_bytes: 65536.
 - commit_granule_words: 8192.
 - virtual_space_node_default_size: 1048576.
 - enlarge_chunks_in_place: 1.
 - new_chunks_are_fully_committed: 0.
 - uncommit_free_chunks: 1.
 - use_allocation_guard: 0.
 - handle_deallocations: 1.


Internal statistics:

num_allocs_failed_limit: 0.
num_arena_births: 74.
num_arena_deaths: 0.
num_vsnodes_births: 2.
num_vsnodes_deaths: 0.
num_space_committed: 115.
num_space_uncommitted: 0.
num_chunks_returned_to_freelist: 0.
num_chunks_taken_from_freelist: 180.
num_chunk_merges: 0.
num_chunk_splits: 99.
num_chunks_enlarged: 55.
num_purges: 0.
num_inconsistent_stats: 0.

CodeHeap 'non-profiled nmethods': size=120000Kb used=909Kb max_used=909Kb free=119090Kb
 bounds [0x000002613f9d0000, 0x000002613fc40000, 0x0000026146f00000]
CodeHeap 'profiled nmethods': size=120000Kb used=3208Kb max_used=3208Kb free=116791Kb
 bounds [0x00000261384a0000, 0x00000261387d0000, 0x000002613f9d0000]
CodeHeap 'non-nmethods': size=5760Kb used=1244Kb max_used=1300Kb free=4515Kb
 bounds [0x0000026137f00000, 0x0000026138170000, 0x00000261384a0000]
 total_blobs=2156 nmethods=1683 adapters=386
 compilation: enabled
              stopped_count=0, restarted_count=0
 full_count=0

Compilation events (20 events):
Event: 208.275 Thread 0x000002614c1bb780 1676       3       jdk.internal.org.objectweb.asm.SymbolTable$Entry::<init> (18 bytes)
Event: 208.275 Thread 0x000002614c1bb780 nmethod 1676 0x00000261387bf790 code [0x00000261387bf940, 0x00000261387bfae8]
Event: 208.275 Thread 0x000002614c1bb780 1675       3       java.lang.invoke.InvokerBytecodeGenerator::getInternalName (103 bytes)
Event: 208.275 Thread 0x000002614c1bb780 nmethod 1675 0x00000261387bfb90 code [0x00000261387bfda0, 0x00000261387c02f8]
Event: 208.275 Thread 0x000002614c1bb780 1677       3       java.lang.invoke.LambdaForm$Name::<init> (54 bytes)
Event: 208.275 Thread 0x000002614c1bb780 nmethod 1677 0x00000261387c0410 code [0x00000261387c05c0, 0x00000261387c0878]
Event: 208.275 Thread 0x000002614c1bb780 1679       3       jdk.internal.org.objectweb.asm.Frame::setLocal (65 bytes)
Event: 208.276 Thread 0x000002614c1bb780 nmethod 1679 0x00000261387c0910 code [0x00000261387c0ae0, 0x00000261387c1028]
Event: 208.276 Thread 0x000002614c1bb780 1678       3       sun.invoke.util.VerifyType::isNullType (18 bytes)
Event: 208.276 Thread 0x000002614c1bb780 nmethod 1678 0x00000261387c1210 code [0x00000261387c13c0, 0x00000261387c1598]
Event: 208.276 Thread 0x000002614c1bb780 1680       3       jdk.internal.misc.VM::initLevel (4 bytes)
Event: 208.276 Thread 0x000002614c1bb780 nmethod 1680 0x00000261387c1610 code [0x00000261387c17a0, 0x00000261387c1898]
Event: 208.276 Thread 0x000002614c1bb780 1681       3       java.lang.invoke.MethodHandleNatives::findMethodHandleType (7 bytes)
Event: 208.277 Thread 0x000002614c1bb780 nmethod 1681 0x00000261387c1910 code [0x00000261387c1aa0, 0x00000261387c1bc8]
Event: 208.278 Thread 0x000002614c1bb780 1683       3       java.util.regex.Pattern$BitClass::is (22 bytes)
Event: 208.278 Thread 0x000002614c1bb780 nmethod 1683 0x00000261387c1c90 code [0x00000261387c1e20, 0x00000261387c1ff8]
Event: 208.278 Thread 0x000002614c1ba4c0 1684       4       java.lang.Long::getChars (208 bytes)
Event: 208.284 Thread 0x000002614c1ba4c0 nmethod 1684 0x000002613fab1310 code [0x000002613fab14a0, 0x000002613fab19d8]
Event: 209.623 Thread 0x000002614c1ba4c0 1685       4       uk.co.stikman.invmon.inverter.util.InvUtil::splitPair (68 bytes)
Event: 209.635 Thread 0x000002614c1ba4c0 nmethod 1685 0x000002613fab1d90 code [0x000002613fab1f60, 0x000002613fab2eb8]

GC Heap History (20 events):
Event: 0.641 GC heap before
{Heap before GC invocations=0 (full 0):
 garbage-first heap   total 258048K, used 22528K [0x00000000c1800000, 0x0000000100000000)
  region size 1024K, 23 young (23552K), 0 survivors (0K)
 Metaspace       used 5754K, committed 5952K, reserved 1056768K
  class space    used 562K, committed 640K, reserved 1048576K
}
Event: 0.645 GC heap after
{Heap after GC invocations=1 (full 0):
 garbage-first heap   total 258048K, used 7002K [0x00000000c1800000, 0x0000000100000000)
  region size 1024K, 3 young (3072K), 3 survivors (3072K)
 Metaspace       used 5754K, committed 5952K, reserved 1056768K
  class space    used 562K, committed 640K, reserved 1048576K
}
Event: 0.928 GC heap before
{Heap before GC invocations=1 (full 0):
 garbage-first heap   total 258048K, used 31578K [0x00000000c1800000, 0x0000000100000000)
  region size 1024K, 28 young (28672K), 3 survivors (3072K)
 Metaspace       used 5767K, committed 5952K, reserved 1056768K
  class space    used 562K, committed 640K, reserved 1048576K
}
Event: 0.934 GC heap after
{Heap after GC invocations=2 (full 0):
 garbage-first heap   total 258048K, used 22136K [0x00000000c1800000, 0x0000000100000000)
  region size 1024K, 4 young (4096K), 4 survivors (4096K)
 Metaspace       used 5767K, committed 5952K, reserved 1056768K
  class space    used 562K, committed 640K, reserved 1048576K
}
Event: 1.229 GC heap before
{Heap before GC invocations=2 (full 0):
 garbage-first heap   total 258048K, used 49784K [0x00000000c1800000, 0x0000000100000000)
  region size 1024K, 30 young (30720K), 4 survivors (4096K)
 Metaspace       used 5767K, committed 5952K, reserved 1056768K
  class space    used 562K, committed 640K, reserved 1048576K
}
Event: 1.236 GC heap after
{Heap after GC invocations=3 (full 0):
 garbage-first heap   total 258048K, used 39629K [0x00000000c1800000, 0x0000000100000000)
  region size 1024K, 4 young (4096K), 4 survivors (4096K)
 Metaspace       used 5767K, committed 5952K, reserved 1056768K
  class space    used 562K, committed 640K, reserved 1048576K
}
Event: 1.606 GC heap before
{Heap before GC invocations=3 (full 0):
 garbage-first heap   total 258048K, used 71373K [0x00000000c1800000, 0x0000000100000000)
  region size 1024K, 34 young (34816K), 4 survivors (4096K)
 Metaspace       used 5767K, committed 5952K, reserved 1056768K
  class space    used 562K, committed 640K, reserved 1048576K
}
Event: 1.616 GC heap after
{Heap after GC invocations=4 (full 0):
 garbage-first heap   total 258048K, used 60335K [0x00000000c1800000, 0x0000000100000000)
  region size 1024K, 5 young (5120K), 5 survivors (5120K)
 Metaspace       used 5767K, committed 5952K, reserved 1056768K
  class space    used 562K, committed 640K, reserved 1048576K
}
Event: 2.134 GC heap before
{Heap before GC invocations=4 (full 0):
 garbage-first heap   total 258048K, used 106415K [0x00000000c1800000, 0x0000000100000000)
  region size 1024K, 48 young (49152K), 5 survivors (5120K)
 Metaspace       used 5767K, committed 5952K, reserved 1056768K
  class space    used 562K, committed 640K, reserved 1048576K
}
Event: 2.144 GC heap after
{Heap after GC invocations=5 (full 0):
 garbage-first heap   total 258048K, used 91136K [0x00000000c1800000, 0x0000000100000000)
  region size 1024K, 6 young (6144K), 6 survivors (6144K)
 Metaspace       used 5767K, committed 5952K, reserved 1056768K
  class space    used 562K, committed 640K, reserved 1048576K
}
Event: 2.611 GC heap before
{Heap before GC invocations=5 (full 0):
 garbage-first heap   total 258048K, used 143360K [0x00000000c1800000, 0x0000000100000000)
  region size 1024K, 54 young (55296K), 6 survivors (6144K)
 Metaspace       used 6584K, committed 6720K, reserved 1056768K
  class space    used 632K, committed 704K, reserved 1048576K
}
Event: 2.616 GC heap after
{Heap after GC invocations=6 (full 0):
 garbage-first heap   total 258048K, used 101367K [0x00000000c1800000, 0x0000000100000000)
  region size 1024K, 6 young (6144K), 6 survivors (6144K)
 Metaspace       used 6584K, committed 6720K, reserved 1056768K
  class space    used 632K, committed 704K, reserved 1048576K
}
Event: 79.057 GC heap before
{Heap before GC invocations=6 (full 0):
 garbage-first heap   total 258048K, used 167927K [0x00000000c1800000, 0x0000000100000000)
  region size 1024K, 57 young (58368K), 6 survivors (6144K)
 Metaspace       used 6914K, committed 7104K, reserved 1056768K
  class space    used 652K, committed 768K, reserved 1048576K
}
Event: 79.060 GC heap after
{Heap after GC invocations=7 (full 0):
 garbage-first heap   total 258048K, used 102665K [0x00000000c1800000, 0x0000000100000000)
  region size 1024K, 4 young (4096K), 4 survivors (4096K)
 Metaspace       used 6914K, committed 7104K, reserved 1056768K
  class space    used 652K, committed 768K, reserved 1048576K
}
Event: 99.631 GC heap before
{Heap before GC invocations=7 (full 0):
 garbage-first heap   total 258048K, used 193801K [0x00000000c1800000, 0x0000000100000000)
  region size 1024K, 79 young (80896K), 4 survivors (4096K)
 Metaspace       used 6916K, committed 7104K, reserved 1056768K
  class space    used 652K, committed 768K, reserved 1048576K
}
Event: 99.633 GC heap after
{Heap after GC invocations=8 (full 0):
 garbage-first heap   total 258048K, used 102537K [0x00000000c1800000, 0x0000000100000000)
  region size 1024K, 4 young (4096K), 4 survivors (4096K)
 Metaspace       used 6916K, committed 7104K, reserved 1056768K
  class space    used 652K, committed 768K, reserved 1048576K
}
Event: 108.389 GC heap before
{Heap before GC invocations=8 (full 0):
 garbage-first heap   total 258048K, used 200841K [0x00000000c1800000, 0x0000000100000000)
  region size 1024K, 84 young (86016K), 4 survivors (4096K)
 Metaspace       used 6919K, committed 7104K, reserved 1056768K
  class space    used 652K, committed 768K, reserved 1048576K
}
Event: 108.392 GC heap after
{Heap after GC invocations=9 (full 0):
 garbage-first heap   total 258048K, used 103390K [0x00000000c1800000, 0x0000000100000000)
  region size 1024K, 4 young (4096K), 4 survivors (4096K)
 Metaspace       used 6919K, committed 7104K, reserved 1056768K
  class space    used 652K, committed 768K, reserved 1048576K
}
Event: 208.251 GC heap before
{Heap before GC invocations=9 (full 0):
 garbage-first heap   total 258048K, used 184286K [0x00000000c1800000, 0x0000000100000000)
  region size 1024K, 68 young (69632K), 4 survivors (4096K)
 Metaspace       used 6939K, committed 7168K, reserved 1056768K
  class space    used 652K, committed 768K, reserved 1048576K
}
Event: 208.253 GC heap after
{Heap after GC invocations=10 (full 0):
 garbage-first heap   total 258048K, used 105419K [0x00000000c1800000, 0x0000000100000000)
  region size 1024K, 4 young (4096K), 4 survivors (4096K)
 Metaspace       used 6939K, committed 7168K, reserved 1056768K
  class space    used 652K, committed 768K, reserved 1048576K
}

Deoptimization events (20 events):
Event: 208.263 Thread 0x000002614d844a90 DEOPT PACKING pc=0x000002613876e02c sp=0x00000073022fef50
Event: 208.263 Thread 0x000002614d844a90 DEOPT UNPACKING pc=0x0000026137f52b43 sp=0x00000073022fe4d8 mode 1
Event: 208.267 Thread 0x000002614d844a90 Uncommon trap: trap_request=0xffffff45 fr.pc=0x000002613fa95d5c relative=0x000000000000015c
Event: 208.267 Thread 0x000002614d844a90 Uncommon trap: reason=unstable_if action=reinterpret pc=0x000002613fa95d5c method=java.util.concurrent.locks.ReentrantLock$NonfairSync.initialTryLock()Z @ 10 c2
Event: 208.267 Thread 0x000002614d844a90 DEOPT PACKING pc=0x000002613fa95d5c sp=0x00000073022fec80
Event: 208.267 Thread 0x000002614d844a90 DEOPT UNPACKING pc=0x0000026137f523a3 sp=0x00000073022fec28 mode 2
Event: 208.267 Thread 0x000002614d844a90 Uncommon trap: trap_request=0xffffff45 fr.pc=0x000002613fa9c3d0 relative=0x00000000000000d0
Event: 208.267 Thread 0x000002614d844a90 Uncommon trap: reason=unstable_if action=reinterpret pc=0x000002613fa9c3d0 method=java.util.concurrent.locks.ReentrantLock$Sync.tryRelease(I)Z @ 26 c2
Event: 208.267 Thread 0x000002614d844a90 DEOPT PACKING pc=0x000002613fa9c3d0 sp=0x00000073022fec60
Event: 208.267 Thread 0x000002614d844a90 DEOPT UNPACKING pc=0x0000026137f523a3 sp=0x00000073022fec10 mode 2
Event: 208.280 Thread 0x000002614d844a90 Uncommon trap: trap_request=0xffffff45 fr.pc=0x000002613fa847ec relative=0x000000000000068c
Event: 208.280 Thread 0x000002614d844a90 Uncommon trap: reason=unstable_if action=reinterpret pc=0x000002613fa847ec method=sun.nio.cs.StreamEncoder.write([CII)V @ 49 c2
Event: 208.280 Thread 0x000002614d844a90 DEOPT PACKING pc=0x000002613fa847ec sp=0x00000073022fee30
Event: 208.280 Thread 0x000002614d844a90 DEOPT UNPACKING pc=0x0000026137f523a3 sp=0x00000073022fee80 mode 2
Event: 208.280 Thread 0x000002614d844a90 Uncommon trap: trap_request=0xffffff45 fr.pc=0x000002613faad090 relative=0x0000000000000270
Event: 208.280 Thread 0x000002614d844a90 Uncommon trap: reason=unstable_if action=reinterpret pc=0x000002613faad090 method=java.io.BufferedOutputStream.write([BII)V @ 6 c2
Event: 208.280 Thread 0x000002614d844a90 DEOPT PACKING pc=0x000002613faad090 sp=0x00000073022fed20
Event: 208.280 Thread 0x000002614d844a90 DEOPT UNPACKING pc=0x0000026137f523a3 sp=0x00000073022fece8 mode 2
Event: 208.280 Thread 0x000002614d844a90 DEOPT PACKING pc=0x000002613fa2a73c sp=0x00000073022ff280
Event: 208.280 Thread 0x000002614d844a90 DEOPT UNPACKING pc=0x0000026137f52b43 sp=0x00000073022fe758 mode 1

Classes unloaded (0 events):
No events

Classes redefined (4 events):
Event: 14.915 Thread 0x000002614c189a90 redefined class name=uk.co.stikman.invmon.server.DataViewPage$Format, count=1
Event: 14.915 Thread 0x000002614c189a90 redefined class name=uk.co.stikman.invmon.server.DataViewPage, count=1
Event: 211.606 Thread 0x000002614c189a90 redefined class name=uk.co.stikman.invmon.server.DataViewPage$Format, count=2
Event: 211.606 Thread 0x000002614c189a90 redefined class name=uk.co.stikman.invmon.server.DataViewPage, count=2

Internal exceptions (14 events):
Event: 0.432 Thread 0x0000026130710eb0 Exception <a 'java/lang/NoSuchMethodError'{0x00000000d093ee50}: 'void java.lang.invoke.DirectMethodHandle$Holder.invokeStatic(java.lang.Object, java.lang.Object)'> (0x00000000d093ee50) 
thrown [t:\workspace\open\src\hotspot\share\interpreter\linkResolver.cpp, line 766]
Event: 0.511 Thread 0x0000026130710eb0 Exception <a 'java/lang/NoSuchMethodError'{0x00000000d0549000}: 'void java.lang.invoke.DirectMethodHandle$Holder.invokeStatic(java.lang.Object, java.lang.Object, java.lang.Object)'> (0x00000000d0549000) 
thrown [t:\workspace\open\src\hotspot\share\interpreter\linkResolver.cpp, line 766]
Event: 0.520 Thread 0x0000026130710eb0 Exception <a 'java/lang/NoSuchMethodError'{0x00000000d0599638}: 'void java.lang.invoke.DirectMethodHandle$Holder.invokeSpecial(java.lang.Object, java.lang.Object, java.lang.Object)'> (0x00000000d0599638) 
thrown [t:\workspace\open\src\hotspot\share\interpreter\linkResolver.cpp, line 766]
Event: 0.522 Thread 0x000002614d772320 Exception <a 'java/lang/NoSuchMethodError'{0x00000000d0400b20}: 'java.lang.Object java.lang.invoke.DirectMethodHandle$Holder.invokeInterface(java.lang.Object, java.lang.Object, java.lang.Object)'> (0x00000000d0400b20) 
thrown [t:\workspace\open\src\hotspot\share\interpreter\linkResolver.cpp, line 766]
Event: 2.192 Thread 0x0000026130710eb0 Exception <a 'java/lang/NoSuchMethodError'{0x00000000d10fd4f8}: 'java.lang.Object java.lang.invoke.DirectMethodHandle$Holder.invokeStaticInit(java.lang.Object)'> (0x00000000d10fd4f8) 
thrown [t:\workspace\open\src\hotspot\share\interpreter\linkResolver.cpp, line 766]
Event: 2.457 Thread 0x000002614d8fe740 Exception <a 'java/lang/NoSuchMethodError'{0x00000000d0dc1458}: 'void java.lang.invoke.DirectMethodHandle$Holder.invokeStatic(java.lang.Object, java.lang.Object, java.lang.Object, java.lang.Object)'> (0x00000000d0dc1458) 
thrown [t:\workspace\open\src\hotspot\share\interpreter\linkResolver.cpp, line 766]
Event: 78.984 Thread 0x000002614db914a0 Implicit null exception at 0x000002613fa50ee0 to 0x000002613fa50f84
Event: 78.985 Thread 0x000002614db914a0 Implicit null exception at 0x000002613fa6546c to 0x000002613fa654e8
Event: 79.023 Thread 0x000002614db914a0 Implicit null exception at 0x000002613fa6338e to 0x000002613fa63bac
Event: 99.584 Thread 0x000002614d8462a0 Implicit null exception at 0x000002613fa597ac to 0x000002613fa5a138
Event: 208.263 Thread 0x000002614d844a90 Exception <a 'java/io/IOException'{0x00000000d1307870}> (0x00000000d1307870) 
thrown [t:\workspace\open\src\hotspot\share\prims\jni.cpp, line 516]
Event: 208.267 Thread 0x000002614d844a90 Exception <a 'java/lang/NoSuchMethodError'{0x00000000d132efa8}: 'java.lang.Object java.lang.invoke.DirectMethodHandle$Holder.invokeStatic(java.lang.Object, int, java.lang.Object)'> (0x00000000d132efa8) 
thrown [t:\workspace\open\src\hotspot\share\interpreter\linkResolver.cpp, line 766]
Event: 208.277 Thread 0x000002614d844a90 Exception <a 'java/lang/ClassNotFoundException'{0x00000000d137a2d0}: sun/util/logging/resources/spi/loggingProvider> (0x00000000d137a2d0) 
thrown [t:\workspace\open\src\hotspot\share\classfile\systemDictionary.cpp, line 256]
Event: 208.280 Thread 0x000002614d844a90 Exception <a 'java/io/IOException'{0x00000000d13a5e50}> (0x00000000d13a5e50) 
thrown [t:\workspace\open\src\hotspot\share\prims\jni.cpp, line 516]

VM Operations (20 events):
Event: 208.254 Executing VM operation: Cleanup done
Event: 210.254 Executing VM operation: Cleanup
Event: 210.254 Executing VM operation: Cleanup done
Event: 211.596 Executing VM operation: ChangeSingleStep
Event: 211.596 Executing VM operation: ChangeSingleStep done
Event: 211.596 Executing VM operation: ChangeSingleStep
Event: 211.596 Executing VM operation: ChangeSingleStep done
Event: 211.603 Executing VM operation: RedefineClasses
Event: 211.611 Executing VM operation: RedefineClasses done
Event: 211.617 Executing VM operation: ChangeBreakpoints
Event: 211.617 Executing VM operation: ChangeBreakpoints done
Event: 211.624 Executing VM operation: ChangeBreakpoints
Event: 211.624 Executing VM operation: ChangeBreakpoints done
Event: 211.626 Executing VM operation: ChangeSingleStep
Event: 211.626 Executing VM operation: ChangeSingleStep done
Event: 211.626 Executing VM operation: get/set locals
Event: 211.626 Executing VM operation: get/set locals done
Event: 211.627 Executing VM operation: ChangeSingleStep
Event: 211.627 Executing VM operation: ChangeSingleStep done
Event: 211.714 Executing VM operation: get/set locals

Events (20 events):
Event: 208.277 loading class java/util/ResourceBundle$3 done
Event: 208.277 loading class sun/util/logging/resources/logging
Event: 208.277 loading class sun/util/logging/resources/logging done
Event: 208.277 loading class java/util/ResourceBundle$BundleReference
Event: 208.277 loading class java/util/ResourceBundle$BundleReference done
Event: 208.277 loading class sun/util/logging/resources/logging_en
Event: 208.277 loading class sun/util/logging/resources/logging_en done
Event: 208.277 loading class sun/util/logging/resources/logging_en
Event: 208.277 loading class sun/util/logging/resources/logging_en done
Event: 208.278 loading class sun/util/logging/resources/logging_en_GB
Event: 208.278 loading class sun/util/logging/resources/logging_en_GB done
Event: 208.278 loading class sun/util/logging/resources/logging_en_GB
Event: 208.278 loading class sun/util/logging/resources/logging_en_GB done
Event: 208.278 loading class java/util/Formatter$DateTime
Event: 208.278 loading class java/util/Formatter$DateTime done
Event: 208.278 loading class java/time/ZonedDateTime$1
Event: 208.278 loading class java/time/ZonedDateTime$1 done
Event: 208.280 loading class sun/net/ConnectionResetException
Event: 208.280 loading class sun/net/ConnectionResetException done
Event: 208.280 Thread 0x000002614d844a90 Thread exited: 0x000002614d844a90


Dynamic libraries:
0x00007ff6467f0000 - 0x00007ff6467fe000 	C:\Stik\java\SDK\jdk-17.0.1\bin\javaw.exe
0x00007fffdc690000 - 0x00007fffdc8a4000 	C:\WINDOWS\SYSTEM32\ntdll.dll
0x00007fffdbc20000 - 0x00007fffdbce2000 	C:\WINDOWS\System32\KERNEL32.DLL
0x00007fffd9ce0000 - 0x00007fffda07c000 	C:\WINDOWS\System32\KERNELBASE.dll
0x00007fffda0f0000 - 0x00007fffda201000 	C:\WINDOWS\System32\ucrtbase.dll
0x00007fffcb0c0000 - 0x00007fffcb0da000 	C:\Stik\java\SDK\jdk-17.0.1\bin\VCRUNTIME140.dll
0x00007fffcb0a0000 - 0x00007fffcb0b8000 	C:\Stik\java\SDK\jdk-17.0.1\bin\jli.dll
0x00007fffda650000 - 0x00007fffda7fb000 	C:\WINDOWS\System32\USER32.dll
0x00007fffc6640000 - 0x00007fffc68ce000 	C:\WINDOWS\WinSxS\amd64_microsoft.windows.common-controls_6595b64144ccf1df_6.0.22621.608_none_a9444ca7c10bb01d\COMCTL32.dll
0x00007fffdbea0000 - 0x00007fffdbf47000 	C:\WINDOWS\System32\msvcrt.dll
0x00007fffd9bf0000 - 0x00007fffd9c16000 	C:\WINDOWS\System32\win32u.dll
0x00007fffdb230000 - 0x00007fffdb259000 	C:\WINDOWS\System32\GDI32.dll
0x00007fffd9ad0000 - 0x00007fffd9be3000 	C:\WINDOWS\System32\gdi32full.dll
0x00007fffda210000 - 0x00007fffda2aa000 	C:\WINDOWS\System32\msvcp_win.dll
0x00007fffdc250000 - 0x00007fffdc281000 	C:\WINDOWS\System32\IMM32.DLL
0x00007fffd1e50000 - 0x00007fffd1e5c000 	C:\Stik\java\SDK\jdk-17.0.1\bin\vcruntime140_1.dll
0x00007fffb13c0000 - 0x00007fffb144d000 	C:\Stik\java\SDK\jdk-17.0.1\bin\msvcp140.dll
0x00007fff730d0000 - 0x00007fff73c8e000 	C:\Stik\java\SDK\jdk-17.0.1\bin\server\jvm.dll
0x00007fffdb260000 - 0x00007fffdb30e000 	C:\WINDOWS\System32\ADVAPI32.dll
0x00007fffdbf50000 - 0x00007fffdbff4000 	C:\WINDOWS\System32\sechost.dll
0x00007fffdc120000 - 0x00007fffdc237000 	C:\WINDOWS\System32\RPCRT4.dll
0x00007fffdc290000 - 0x00007fffdc298000 	C:\WINDOWS\System32\PSAPI.DLL
0x00007fffc7ba0000 - 0x00007fffc7ba9000 	C:\WINDOWS\SYSTEM32\WSOCK32.dll
0x00007fffd2bb0000 - 0x00007fffd2be4000 	C:\WINDOWS\SYSTEM32\WINMM.dll
0x00007fffdbe20000 - 0x00007fffdbe91000 	C:\WINDOWS\System32\WS2_32.dll
0x00007fffd2860000 - 0x00007fffd286a000 	C:\WINDOWS\SYSTEM32\VERSION.dll
0x00007fffd8c10000 - 0x00007fffd8c28000 	C:\WINDOWS\SYSTEM32\kernel.appcore.dll
0x00007fffcb080000 - 0x00007fffcb08a000 	C:\Stik\java\SDK\jdk-17.0.1\bin\jimage.dll
0x00007fffd7540000 - 0x00007fffd776e000 	C:\WINDOWS\SYSTEM32\DBGHELP.DLL
0x00007fffdc2c0000 - 0x00007fffdc649000 	C:\WINDOWS\System32\combase.dll
0x00007fffda800000 - 0x00007fffda8d7000 	C:\WINDOWS\System32\OLEAUT32.dll
0x00007fffd1e10000 - 0x00007fffd1e42000 	C:\WINDOWS\SYSTEM32\dbgcore.DLL
0x00007fffda2b0000 - 0x00007fffda32b000 	C:\WINDOWS\System32\bcryptPrimitives.dll
0x00007fffc9230000 - 0x00007fffc926b000 	C:\Stik\java\SDK\jdk-17.0.1\bin\jdwp.dll
0x00007fffcb070000 - 0x00007fffcb07e000 	C:\Stik\java\SDK\jdk-17.0.1\bin\instrument.dll
0x00007fffc9200000 - 0x00007fffc9225000 	C:\Stik\java\SDK\jdk-17.0.1\bin\java.dll
0x00007fffb1260000 - 0x00007fffb1336000 	C:\Stik\java\SDK\jdk-17.0.1\bin\svml.dll
0x00007fffdb430000 - 0x00007fffdbc20000 	C:\WINDOWS\System32\SHELL32.dll
0x00007fffd7af0000 - 0x00007fffd83bd000 	C:\WINDOWS\SYSTEM32\windows.storage.dll
0x00007fffd79b0000 - 0x00007fffd7aee000 	C:\WINDOWS\SYSTEM32\wintypes.dll
0x00007fffda4a0000 - 0x00007fffda591000 	C:\WINDOWS\System32\SHCORE.dll
0x00007fffda8e0000 - 0x00007fffda93e000 	C:\WINDOWS\System32\shlwapi.dll
0x00007fffd9a00000 - 0x00007fffd9a21000 	C:\WINDOWS\SYSTEM32\profapi.dll
0x00007fffcb060000 - 0x00007fffcb06c000 	C:\Stik\java\SDK\jdk-17.0.1\bin\dt_socket.dll
0x00007fffd8680000 - 0x00007fffd86ad000 	C:\WINDOWS\SYSTEM32\IPHLPAPI.DLL
0x00007fffd9080000 - 0x00007fffd90e9000 	C:\WINDOWS\system32\mswsock.dll
0x00007fffd86f0000 - 0x00007fffd87e3000 	C:\WINDOWS\SYSTEM32\DNSAPI.dll
0x00007fffdc240000 - 0x00007fffdc249000 	C:\WINDOWS\System32\NSI.dll
0x00007fffd2870000 - 0x00007fffd287a000 	C:\Windows\System32\rasadhlp.dll
0x00007fffd2460000 - 0x00007fffd24e3000 	C:\WINDOWS\System32\fwpuclnt.dll
0x00007fffb6470000 - 0x00007fffb6488000 	C:\Stik\java\SDK\jdk-17.0.1\bin\zip.dll
0x00007fffb6420000 - 0x00007fffb6439000 	C:\Stik\java\SDK\jdk-17.0.1\bin\net.dll
0x00007fffd43b0000 - 0x00007fffd44e7000 	C:\WINDOWS\SYSTEM32\WINHTTP.dll
0x00007fffb6320000 - 0x00007fffb6335000 	C:\Stik\java\SDK\jdk-17.0.1\bin\nio.dll
0x00007fffcb050000 - 0x00007fffcb060000 	C:\Stik\java\SDK\jdk-17.0.1\bin\verify.dll
0x00007fffb2010000 - 0x00007fffb2044000 	C:\Users\stik\AppData\Local\Temp\jSerialComm\2.9.3-beta1\jSerialComm.dll
0x00007fffdabb0000 - 0x00007fffdb024000 	C:\WINDOWS\System32\SETUPAPI.dll
0x00007fffd9790000 - 0x00007fffd97bc000 	C:\WINDOWS\SYSTEM32\DEVOBJ.dll
0x00007fffd97c0000 - 0x00007fffd980e000 	C:\WINDOWS\SYSTEM32\cfgmgr32.dll
0x00007fffda080000 - 0x00007fffda0eb000 	C:\WINDOWS\System32\WINTRUST.dll
0x00007fffda330000 - 0x00007fffda496000 	C:\WINDOWS\System32\CRYPT32.dll
0x00007fffd9340000 - 0x00007fffd9352000 	C:\WINDOWS\SYSTEM32\MSASN1.dll

dbghelp: loaded successfully - version: 4.0.5 - missing functions: none
symbol engine: initialized successfully - sym options: 0x614 - pdb path: .;C:\Stik\java\SDK\jdk-17.0.1\bin;C:\WINDOWS\SYSTEM32;C:\WINDOWS\WinSxS\amd64_microsoft.windows.common-controls_6595b64144ccf1df_6.0.22621.608_none_a9444ca7c10bb01d;C:\Stik\java\SDK\jdk-17.0.1\bin\server;C:\Users\stik\AppData\Local\Temp\jSerialComm\2.9.3-beta1

VM Arguments:
jvm_args: -XX:+ShowCodeDetailsInExceptionMessages -agentlib:jdwp=transport=dt_socket,suspend=y,address=localhost:56263 -Xmx1000M -javaagent:C:\Stik\Progs\eclipse-2021-12\configuration\org.eclipse.osgi\221\0\.cp\lib\javaagent-shaded.jar -Dfile.encoding=UTF-8 
java_command: uk.co.stikman.invmon.InvMon
java_class_path (initial): C:\Stik\java\InvMon\bin;C:\Stik\java\InvMon\lib\ivy\commons-io-2.7.jar;C:\Stik\java\InvMon\lib\ivy\json-20200518.jar;C:\Stik\java\InvMon\lib\ivy\h2-2.1.214.jar;C:\Stik\java\InvMon\lib\ivy\nanohttpd-2.3.1.jar;C:\Stik\java\InvMon\lib\ivy\teavm-classlib-0.7.0.jar;C:\Stik\java\InvMon\lib\ivy\teavm-core-0.7.0.jar;C:\Stik\java\InvMon\lib\ivy\teavm-interop-0.7.0.jar;C:\Stik\java\InvMon\lib\ivy\teavm-jso-0.7.0.jar;C:\Stik\java\InvMon\lib\ivy\teavm-jso-apis-0.7.0.jar;C:\Stik\java\InvMon\lib\ivy\teavm-jso-impl-0.7.0.jar;C:\Stik\java\InvMon\lib\ivy\teavm-platform-0.7.0.jar;C:\Users\stik\.p2\pool\plugins\org.junit.jupiter.api_5.8.1.v20211018-1956.jar;C:\Users\stik\.p2\pool\plugins\org.junit.jupiter.engine_5.8.1.v20211018-1956.jar;C:\Users\stik\.p2\pool\plugins\org.junit.jupiter.migrationsupport_5.8.1.v20211018-1956.jar;C:\Users\stik\.p2\pool\plugins\org.junit.jupiter.params_5.8.1.v20211018-1956.jar;C:\Users\stik\.p2\pool\plugins\org.junit.platform.commons_1.8.1.v20211018-1956.jar;C:\Users\stik\.p2\pool\plugins\org.junit.platform.engine_1.8.1.v20211018-1956.jar;C:\Users\stik\.p2\pool\plugins\org.junit.platform.launcher_1.8.1.v20211018-1956.jar;C:\Users\stik\.p2\pool\plugins\org.junit.platform.runner_1.8.1.v20211018-1956.jar;C:\Users\stik\.p2\pool\plugins\org.junit.platform.suite.api_1.8.1.v20211018-1956.jar;C:\Users\stik\.p2\pool\plugins\org.junit.platform.suite.engine_1.8.1.v20211028-1957.jar;C:\Users\stik\.p2\pool\plugins\org.junit.platform.suite.commons_1.8.1.v20211018-1956.jar;C:\Users\stik\.p2\pool\plugins\org.junit.vintage.engine_5.8.1.v20211018-1956.jar;C:\Users\stik\.p2\pool\plugins\org.opentest4j_1.2.0.v20211018-1956.jar;C:\Users\stik\.p2\pool\plugins\org.apiguardian_1.1.2.v20211018-1956.jar;C:\Users\stik\.p2\pool\plugins\org.junit_4.13.2.v20211018-1956.jar;C:\Users\stik\.p2\pool\plugins\org.hamcrest.core_1.3.0.v20180420-1519.jar;C:\Stik\java\InvMon\lib\provided\jSerialComm-2.9.3-beta1.jar;C:\Stik\java\InvMon\lib\provided\stikutils-1.5-jdk8.
Launcher Type: SUN_STANDARD

[Global flags]
     intx CICompilerCount                          = 4                                         {product} {ergonomic}
     uint ConcGCThreads                            = 2                                         {product} {ergonomic}
     uint G1ConcRefinementThreads                  = 8                                         {product} {ergonomic}
   size_t G1HeapRegionSize                         = 1048576                                   {product} {ergonomic}
    uintx GCDrainStackTargetSize                   = 64                                        {product} {ergonomic}
   size_t InitialHeapSize                          = 264241152                                 {product} {ergonomic}
   size_t MarkStackSize                            = 4194304                                   {product} {ergonomic}
   size_t MaxHeapSize                              = 1048576000                                {product} {command line}
   size_t MaxNewSize                               = 629145600                                 {product} {ergonomic}
   size_t MinHeapDeltaBytes                        = 1048576                                   {product} {ergonomic}
   size_t MinHeapSize                              = 8388608                                   {product} {ergonomic}
    uintx NonNMethodCodeHeapSize                   = 5839372                                {pd product} {ergonomic}
    uintx NonProfiledCodeHeapSize                  = 122909434                              {pd product} {ergonomic}
    uintx ProfiledCodeHeapSize                     = 122909434                              {pd product} {ergonomic}
    uintx ReservedCodeCacheSize                    = 251658240                              {pd product} {ergonomic}
     bool SegmentedCodeCache                       = true                                      {product} {ergonomic}
     bool ShowCodeDetailsInExceptionMessages       = true                                   {manageable} {command line}
   size_t SoftMaxHeapSize                          = 1048576000                             {manageable} {ergonomic}
     bool UseCompressedClassPointers               = true                           {product lp64_product} {ergonomic}
     bool UseCompressedOops                        = true                           {product lp64_product} {ergonomic}
     bool UseG1GC                                  = true                                      {product} {ergonomic}
     bool UseLargePagesIndividualAllocation        = false                                  {pd product} {ergonomic}

Logging:
Log output configuration:
 #0: stdout all=warning uptime,level,tags
 #1: stderr all=off uptime,level,tags

Environment Variables:
JAVA_HOME=C:\Stik\java\SDK\jdk-17.0.1
PATH=C:/Users/stik/.p2/pool/plugins/org.eclipse.justj.openjdk.hotspot.jre.full.win32.x86_64_17.0.1.v20211116-1657/jre/bin/server;C:/Users/stik/.p2/pool/plugins/org.eclipse.justj.openjdk.hotspot.jre.full.win32.x86_64_17.0.1.v20211116-1657/jre/bin;C:\Program Files (x86)\Embarcadero\Studio\20.0\bin;C:\Users\Public\Documents\Embarcadero\Studio\20.0\Bpl;C:\Program Files (x86)\Embarcadero\Studio\20.0\bin64;C:\Users\Public\Documents\Embarcadero\Studio\20.0\Bpl\Win64;C:\WinAVR-20100110\bin;C:\WinAVR-20100110\utils\bin;C:\WINDOWS\system32;C:\WINDOWS;C:\WINDOWS\System32\Wbem;C:\WINDOWS\System32\WindowsPowerShell\v1.0\;C:\Program Files\TortoiseSVN\bin;C:\Stik\Progs\apache-ant-1.9.5\bin;C:\Program Files\Sublime Text 3;C:\WINDOWS\System32\OpenSSH\;C:\Program Files\Git\cmd;C:\Program Files\Microsoft VS Code\bin;C:\Stik\java\SDK\jdk-17.0.1\bin;C:\Program Files (x86)\Intel\Intel(R) Management Engine Components\DAL;C:\Program Files\Intel\Intel(R) Management Engine Components\DAL;C:\Program Files\nodejs\;C:\Users\stik\AppData\Local\Microsoft\WindowsApps;C:\Users\stik\AppData\Local\GitHubDesktop\bin;C:\Users\stik\AppData\Roaming\npm;;C:\Stik\Progs\eclipse-2021-12;
USERNAME=stik
OS=Windows_NT
PROCESSOR_IDENTIFIER=Intel64 Family 6 Model 142 Stepping 10, GenuineIntel



---------------  S Y S T E M  ---------------

OS:
 Windows 10 , 64 bit Build 22621 (10.0.22621.1485)
OS uptime: 2 days 13:28 hours

CPU: total 8 (initial active 8) (4 cores per cpu, 2 threads per core) family 6 model 142 stepping 10 microcode 0xf0, cx8, cmov, fxsr, ht, mmx, 3dnowpref, sse, sse2, sse3, ssse3, sse4.1, sse4.2, popcnt, lzcnt, tsc, tscinvbit, avx, avx2, aes, erms, clmul, bmi1, bmi2, adx, fma, vzeroupper, clflush, clflushopt

Memory: 4k page, system-wide physical 16111M (6430M free)
TotalPageFile size 29423M (AvailPageFile size 16407M)
current process WorkingSet (physical memory assigned to process): 251M, peak: 251M
current process commit charge ("private bytes"): 354M, peak: 363M

vm_info: OpenJDK 64-Bit Server VM (17.0.1+12-39) for windows-amd64 JRE (17.0.1+12-39), built on Sep 27 2021 18:39:29 by "mach5one" with MS VC++ 16.8 (VS2019)

END.
