#
# A fatal error has been detected by the Java Runtime Environment:
#
#  EXCEPTION_ACCESS_VIOLATION (0xc0000005) at pc=0x00007ff859a1bffa, pid=20800, tid=7028
#
# JRE version: OpenJDK Runtime Environment (17.0.1+12) (build 17.0.1+12-39)
# Java VM: OpenJDK 64-Bit Server VM (17.0.1+12-39, mixed mode, sharing, tiered, compressed oops, compressed class ptrs, g1 gc, windows-amd64)
# Problematic frame:
# V  [jvm.dll+0x73bffa]
#
# No core dump will be written. Minidumps are not enabled by default on client versions of Windows
#
# If you would like to submit a bug report, please visit:
#   https://bugreport.java.com/bugreport/crash.jsp
#

---------------  S U M M A R Y ------------

Command Line: -XX:+ShowCodeDetailsInExceptionMessages -agentlib:jdwp=transport=dt_socket,suspend=y,address=localhost:62050 -Xmx280M -javaagent:C:\Stik\Progs\eclipse-2021-12\configuration\org.eclipse.osgi\221\0\.cp\lib\javaagent-shaded.jar -Dfile.encoding=UTF-8 uk.co.stikman.invmon.InvMon

Host: Intel(R) Core(TM) i7-8550U CPU @ 1.80GHz, 8 cores, 15G,  Windows 10 , 64 bit Build 22000 (10.0.22000.1219)
Time: Sun Nov 27 16:11:58 2022 GMT Standard Time elapsed time: 66.235692 seconds (0d 0h 1m 6s)

---------------  T H R E A D  ---------------

Current thread (0x00000228f7650130):  JavaThread "JDWP Transport Listener: dt_socket" daemon [_thread_in_vm, id=7028, stack(0x0000007184600000,0x0000007184700000)]

Stack: [0x0000007184600000,0x0000007184700000],  sp=0x00000071846ff930,  free space=1022k
Native frames: (J=compiled Java code, j=interpreted, Vv=VM code, C=native code)
V  [jvm.dll+0x73bffa]
V  [jvm.dll+0x50483c]
V  [jvm.dll+0x4d0154]
C  [jdwp.dll+0x22e9f]


siginfo: EXCEPTION_ACCESS_VIOLATION (0xc0000005), reading address 0x0000000002dc003d


Register to memory mapping:

RIP=0x00007ff859a1bffa jvm.dll
RAX=0x00000000000002db is an unknown value
RBX=0x00000228f6873dbb points into unknown readable memory: 2f 46 69 65 6c
RCX=0x0000000002dc0039 is an unknown value
RDX=0x00000228f773c8e0 points into unknown readable memory: 0x732f6f632f6b754c | 4c 75 6b 2f 63 6f 2f 73
RSP=0x00000071846ff930 is pointing into the stack for thread: 0x00000228f7650130
RBP=0x00000228f7552df0 points into unknown readable memory: 0x0000000000000002 | 02 00 00 00 00 00 00 00
RSI=0x0 is NULL
RDI=0xffffffffffffffff is an unknown value
R8 =0x0000000000000009 is an unknown value
R9 =0x000000000000001e is an unknown value
R10=0x0 is NULL
R11=0x00000071846ff950 is pointing into the stack for thread: 0x00000228f7650130
R12=0x00000071846ffa88 is pointing into the stack for thread: 0x00000228f7650130
R13=0x0 is NULL
R14=0x0000000800c09860 is a pointer to class: 
uk.co.stikman.invmon.datamodel.DataModel {0x0000000800c09868}
 - instance size:     4
 - klass size:        83
 - access:            public synchronized 
 - state:             fully_initialized
 - name:              'uk/co/stikman/invmon/datamodel/DataModel'
 - super:             'java/lang/Object'
 - sub:               
 - arrays:            NULL
 - methods:           Array<T>(0x00000228f70b78a0)
 - method ordering:   Array<T>(0x00000228f70b5ec8)
 - default_methods:   Array<T>(0x00000228f70a2fe8)
 - default vtable indices:   Array<T>(0x00000228f70a3fa0)
 - local interfaces:  Array<T>(0x00000228f70a7698)
 - trans. interfaces: Array<T>(0x00000228f70a7698)
 - constants:         constant pool [768]/operands[28] {0x00000228f70bb3b8} for 'uk/co/stikman/invmon/datamodel/DataModel' cache=0x00000228f70bcbf8
 - class loader data:  loader data: 0x00000228f74f0c30 for instance a 'jdk/internal/loader/ClassLoaders$AppClassLoader'{0x00000000fe35f500}
 - source file:       'DataModel.java'
 - source debug extension:       SMAP
DataModel.java
Java
*S jdt
*F
1 DataModel.java
2 file:/C:/Stik/java/InvMon/bin/
*L
*E

 - class annotations:       Array<T>(0x0000000000000000)
 - class type annotations:  Array<T>(0x0000000000000000)
 - field annotations:       Array<T>(0x0000000000000000)
 - field type annotations:  Array<T>(0x0000000000000000)
 - previous version:  constant pool [765]/operands[28] {0x00000228f70a4420} for 'uk/co/stikman/invmon/datamodel/DataModel' (extra) cache=0x00000228f70a8c68
 - generic signature: '
[error occurred during error reporting (printing register info), id 0xc0000005, EXCEPTION_ACCESS_VIOLATION (0xc0000005) at pc=0x00007ff859a1cc06]

Registers:
RAX=0x00000000000002db, RBX=0x00000228f6873dbb, RCX=0x0000000002dc0039, RDX=0x00000228f773c8e0
RSP=0x00000071846ff930, RBP=0x00000228f7552df0, RSI=0x0000000000000000, RDI=0xffffffffffffffff
R8 =0x0000000000000009, R9 =0x000000000000001e, R10=0x0000000000000000, R11=0x00000071846ff950
R12=0x00000071846ffa88, R13=0x0000000000000000, R14=0x0000000800c09860, R15=0x00000071846ffad8
RIP=0x00007ff859a1bffa, EFLAGS=0x0000000000010206

Top of Stack: (sp=0x00000071846ff930)
0x00000071846ff930:   0000000000000028 0000000800c09860
0x00000071846ff940:   00000228f7650130 0000000000000000
0x00000071846ff950:   ffffffffffffffff 00007ff8597e483c
0x00000071846ff960:   00000228f6873dbb 00000228f6873d90
0x00000071846ff970:   00000228f7552df0 00000228f750bde0
0x00000071846ff980:   00000228f6873d50 00000000000003d8
0x00000071846ff990:   00000228f6873d60 00000228f6874138
0x00000071846ff9a0:   0000000000000002 00000071846ffa88
0x00000071846ff9b0:   0000000000000000 0000000000000000
0x00000071846ff9c0:   00000000fd741108 00007ff8597b0154
0x00000071846ff9d0:   00000228f7650130 00000071846ffad8
0x00000071846ff9e0:   00000228e981edd0 00000071846ffad8
0x00000071846ff9f0:   00000228f7650130 0000000000000000
0x00000071846ffa00:   0000022800000000 0000000000000000
0x00000071846ffa10:   000000000000000d 00007ff885ae2e9f
0x00000071846ffa20:   00000071846ffad0 00007ff885af1830 

Instructions: (pc=0x00007ff859a1bffa)
0x00007ff859a1befa:   48 83 c4 20 5f e9 cc 86 96 ff cc cc cc cc cc cc
0x00007ff859a1bf0a:   cc cc cc cc cc cc 48 89 5c 24 08 57 48 83 ec 20
0x00007ff859a1bf1a:   83 fa 02 8d 42 06 b9 08 00 00 00 49 8b d8 0f 4e
0x00007ff859a1bf2a:   c1 48 63 c8 48 83 c1 07 83 e1 f8 48 63 f9 49 8b
0x00007ff859a1bf3a:   48 18 48 8b c7 48 f7 d0 48 3b c1 73 16 4c 8d 05
0x00007ff859a1bf4a:   5a 47 17 00 48 8b d7 48 8b cb e8 d7 e9 96 ff 48
0x00007ff859a1bf5a:   8b 4b 18 48 8d 04 39 48 3b 43 20 76 18 45 33 c0
0x00007ff859a1bf6a:   48 8b d7 48 8b cb 48 8b 5c 24 30 48 83 c4 20 5f
0x00007ff859a1bf7a:   e9 31 e6 96 ff 48 89 43 18 48 8b c1 48 8b 5c 24
0x00007ff859a1bf8a:   30 48 83 c4 20 5f c3 cc cc cc cc cc cc cc cc cc
0x00007ff859a1bf9a:   cc cc cc cc cc cc 4c 8b d2 4c 8b d9 45 85 c0 7e
0x00007ff859a1bfaa:   3c 44 0f b7 49 04 41 8d 40 ff 41 3b c1 44 0f 4c
0x00007ff859a1bfba:   c8 4d 63 c1 45 85 c9 7e 1f 48 8b c2 4c 2b da 49
0x00007ff859a1bfca:   8b d0 0f 1f 40 00 41 0f b6 4c 03 06 88 08 48 8d
0x00007ff859a1bfda:   40 01 48 83 ea 01 75 ee 43 c6 04 10 00 49 8b c2
0x00007ff859a1bfea:   c3 cc cc cc cc cc 48 89 5c 24 08 57 48 83 ec 20
0x00007ff859a1bffa:   0f b7 59 04 48 8b f9 33 d2 48 8d 4b 01 e8 14 9b
0x00007ff859a1c00a:   f8 ff 0f b7 57 04 4c 8b c0 3b da 0f 42 d3 44 8b
0x00007ff859a1c01a:   ca 85 d2 74 39 48 2b f8 0f 1f 40 00 66 66 0f 1f
0x00007ff859a1c02a:   84 00 00 00 00 00 0f b6 4c 07 06 88 08 48 ff c0
0x00007ff859a1c03a:   48 8b c8 49 2b c8 49 3b c9 7c eb 42 c6 04 02 00
0x00007ff859a1c04a:   49 8b c0 48 8b 5c 24 30 48 83 c4 20 5f c3 48 8b
0x00007ff859a1c05a:   5c 24 30 c6 04 02 00 48 83 c4 20 5f c3 cc cc cc
0x00007ff859a1c06a:   cc cc cc cc cc cc 4c 8b d1 45 85 c0 7e 6c 44 0f
0x00007ff859a1c07a:   b7 49 04 41 8d 40 ff 41 3b c1 44 0f 4c c8 4d 63
0x00007ff859a1c08a:   d9 45 85 c9 7e 22 48 8b ca 4c 2b d2 4d 8b c3 0f
0x00007ff859a1c09a:   1f 80 00 00 00 00 41 0f b6 44 0a 06 88 01 48 8d
0x00007ff859a1c0aa:   49 01 49 83 e8 01 75 ee 41 c6 04 13 00 48 c7 c0
0x00007ff859a1c0ba:   ff ff ff ff 66 90 48 ff c0 80 3c 02 00 75 f7 48
0x00007ff859a1c0ca:   63 c8 85 c0 48 8b c2 7e 14 80 38 2f 75 03 c6 00
0x00007ff859a1c0da:   2e 48 ff c0 48 83 e9 01 75 ef 48 8b c2 c3 cc cc
0x00007ff859a1c0ea:   cc cc cc cc cc cc 48 83 ec 28 e8 f7 fe ff ff 4c 


Stack slot to memory mapping:
stack at sp + 0 slots: 0x0000000000000028 is an unknown value
stack at sp + 1 slots: 0x0000000800c09860 is a pointer to class: 
uk.co.stikman.invmon.datamodel.DataModel {0x0000000800c09868}
 - instance size:     4
 - klass size:        83
 - access:            public synchronized 
 - state:             fully_initialized
 - name:              'uk/co/stikman/invmon/datamodel/DataModel'
 - super:             'java/lang/Object'
 - sub:               
 - arrays:            NULL
 - methods:           Array<T>(0x00000228f70b78a0)
 - method ordering:   Array<T>(0x00000228f70b5ec8)
 - default_methods:   Array<T>(0x00000228f70a2fe8)
 - default vtable indices:   Array<T>(0x00000228f70a3fa0)
 - local interfaces:  Array<T>(0x00000228f70a7698)
 - trans. interfaces: Array<T>(0x00000228f70a7698)
 - constants:         constant pool [768]/operands[28] {0x00000228f70bb3b8} for 'uk/co/stikman/invmon/datamodel/DataModel' cache=0x00000228f70bcbf8
 - class loader data:  loader data: 0x00000228f74f0c30 for instance a 'jdk/internal/loader/ClassLoaders$AppClassLoader'{0x00000000fe35f500}
 - source file:       'DataModel.java'
 - source debug extension:       SMAP
DataModel.java
Java
*S jdt
*F
1 DataModel.java
2 file:/C:/Stik/java/InvMon/bin/
*L
*E

 - class annotations:       Array<T>(0x0000000000000000)
 - class type annotations:  Array<T>(0x0000000000000000)
 - field annotations:       Array<T>(0x0000000000000000)
 - field type annotations:  Array<T>(0x0000000000000000)
 - previous version:  constant pool [765]/operands[28] {0x00000228f70a4420} for 'uk/co/stikman/invmon/datamodel/DataModel' (extra) cache=0x00000228f70a8c68
 - generic signature: '
[error occurred during error reporting (inspecting top of stack), id 0xc0000005, EXCEPTION_ACCESS_VIOLATION (0xc0000005) at pc=0x00007ff859a1cc06]


---------------  P R O C E S S  ---------------

Threads class SMR info:
_java_thread_list=0x00000228f7dbb2b0, length=15, elements={
0x00000228eb9144e0, 0x00000228f68543a0, 0x00000228f6856b70, 0x00000228f686f120,
0x00000228f6871600, 0x00000228f6871ad0, 0x00000228f6872090, 0x00000228f6879e90,
0x00000228f6883560, 0x00000228f6884a80, 0x00000228f6842140, 0x00000228f7650130,
0x00000228f75bfd10, 0x00000228f75c03f0, 0x00000228f776af90
}

Java Threads: ( => current thread )
  0x00000228eb9144e0 JavaThread "main" [_thread_blocked, id=19320, stack(0x0000007183500000,0x0000007183600000)]
  0x00000228f68543a0 JavaThread "Reference Handler" daemon [_thread_blocked, id=13196, stack(0x0000007183c00000,0x0000007183d00000)]
  0x00000228f6856b70 JavaThread "Finalizer" daemon [_thread_blocked, id=25320, stack(0x0000007183d00000,0x0000007183e00000)]
  0x00000228f686f120 JavaThread "Signal Dispatcher" daemon [_thread_blocked, id=24756, stack(0x0000007183e00000,0x0000007183f00000)]
  0x00000228f6871600 JavaThread "Attach Listener" daemon [_thread_blocked, id=17780, stack(0x0000007183f00000,0x0000007184000000)]
  0x00000228f6871ad0 JavaThread "Service Thread" daemon [_thread_blocked, id=19624, stack(0x0000007184000000,0x0000007184100000)]
  0x00000228f6872090 JavaThread "Monitor Deflation Thread" daemon [_thread_blocked, id=12512, stack(0x0000007184100000,0x0000007184200000)]
  0x00000228f6879e90 JavaThread "C2 CompilerThread0" daemon [_thread_blocked, id=24968, stack(0x0000007184200000,0x0000007184300000)]
  0x00000228f6883560 JavaThread "C1 CompilerThread0" daemon [_thread_blocked, id=6600, stack(0x0000007184300000,0x0000007184400000)]
  0x00000228f6884a80 JavaThread "Sweeper thread" daemon [_thread_blocked, id=16556, stack(0x0000007184400000,0x0000007184500000)]
  0x00000228f6842140 JavaThread "Common-Cleaner" daemon [_thread_blocked, id=22928, stack(0x0000007184500000,0x0000007184600000)]
=>0x00000228f7650130 JavaThread "JDWP Transport Listener: dt_socket" daemon [_thread_in_vm, id=7028, stack(0x0000007184600000,0x0000007184700000)]
  0x00000228f75bfd10 JavaThread "JDWP Event Helper Thread" daemon [_thread_blocked, id=26644, stack(0x0000007184700000,0x0000007184800000)]
  0x00000228f75c03f0 JavaThread "JDWP Command Reader" daemon [_thread_in_native, id=16272, stack(0x0000007184800000,0x0000007184900000)]
  0x00000228f776af90 JavaThread "Notification Thread" daemon [_thread_blocked, id=25328, stack(0x0000007184a00000,0x0000007184b00000)]

Other Threads:
  0x00000228f6850910 VMThread "VM Thread" [stack: 0x0000007183b00000,0x0000007183c00000] [id=18912]
  0x00000228eb9452b0 WatcherThread [stack: 0x0000007184b00000,0x0000007184c00000] [id=16764]
  0x00000228eb936ad0 GCTaskThread "GC Thread#0" [stack: 0x0000007183600000,0x0000007183700000] [id=26896]
  0x00000228eb939d10 ConcurrentGCThread "G1 Main Marker" [stack: 0x0000007183700000,0x0000007183800000] [id=8528]
  0x00000228eb93b890 ConcurrentGCThread "G1 Conc#0" [stack: 0x0000007183800000,0x0000007183900000] [id=19860]
  0x00000228eb9edd90 ConcurrentGCThread "G1 Refine#0" [stack: 0x0000007183900000,0x0000007183a00000] [id=17584]
  0x00000228eb9ee3c0 ConcurrentGCThread "G1 Service" [stack: 0x0000007183a00000,0x0000007183b00000] [id=7120]

Threads with active compile tasks:

VM state: not at safepoint (normal execution)

VM Mutex/Monitor currently owned by a thread: None

Heap address: 0x00000000ee800000, size: 280 MB, Compressed Oops mode: 32-bit

CDS archive(s) mapped at: [0x0000000800000000-0x0000000800bc0000-0x0000000800bc0000), size 12320768, SharedBaseAddress: 0x0000000800000000, ArchiveRelocationMode: 0.
Compressed class space mapped at: 0x0000000800c00000-0x0000000840c00000, reserved size: 1073741824
Narrow klass base: 0x0000000800000000, Narrow klass shift: 0, Narrow klass range: 0x100000000

GC Precious Log:
 CPUs: 8 total, 8 available
 Memory: 16111M
 Large Page Support: Disabled
 NUMA Support: Disabled
 Compressed Oops: Enabled (32-bit)
 Heap Region Size: 1M
 Heap Min Capacity: 8M
 Heap Initial Capacity: 252M
 Heap Max Capacity: 280M
 Pre-touch: Disabled
 Parallel Workers: 8
 Concurrent Workers: 2
 Concurrent Refinement Workers: 8
 Periodic GC: Disabled

Heap:
 garbage-first heap   total 258048K, used 12288K [0x00000000ee800000, 0x0000000100000000)
  region size 1024K, 14 young (14336K), 0 survivors (0K)
 Metaspace       used 4894K, committed 4992K, reserved 1056768K
  class space    used 463K, committed 512K, reserved 1048576K

Heap Regions: E=young(eden), S=young(survivor), O=old, HS=humongous(starts), HC=humongous(continues), CS=collection set, F=free, OA=open archive, CA=closed archive, TAMS=top-at-mark-start (previous, next)
|   0|0x00000000ee800000, 0x00000000ee800000, 0x00000000ee900000|  0%| F|  |TAMS 0x00000000ee800000, 0x00000000ee800000| Untracked 
|   1|0x00000000ee900000, 0x00000000ee900000, 0x00000000eea00000|  0%| F|  |TAMS 0x00000000ee900000, 0x00000000ee900000| Untracked 
|   2|0x00000000eea00000, 0x00000000eea00000, 0x00000000eeb00000|  0%| F|  |TAMS 0x00000000eea00000, 0x00000000eea00000| Untracked 
|   3|0x00000000eeb00000, 0x00000000eeb00000, 0x00000000eec00000|  0%| F|  |TAMS 0x00000000eeb00000, 0x00000000eeb00000| Untracked 
|   4|0x00000000eec00000, 0x00000000eec00000, 0x00000000eed00000|  0%| F|  |TAMS 0x00000000eec00000, 0x00000000eec00000| Untracked 
|   5|0x00000000eed00000, 0x00000000eed00000, 0x00000000eee00000|  0%| F|  |TAMS 0x00000000eed00000, 0x00000000eed00000| Untracked 
|   6|0x00000000eee00000, 0x00000000eee00000, 0x00000000eef00000|  0%| F|  |TAMS 0x00000000eee00000, 0x00000000eee00000| Untracked 
|   7|0x00000000eef00000, 0x00000000eef00000, 0x00000000ef000000|  0%| F|  |TAMS 0x00000000eef00000, 0x00000000eef00000| Untracked 
|   8|0x00000000ef000000, 0x00000000ef000000, 0x00000000ef100000|  0%| F|  |TAMS 0x00000000ef000000, 0x00000000ef000000| Untracked 
|   9|0x00000000ef100000, 0x00000000ef100000, 0x00000000ef200000|  0%| F|  |TAMS 0x00000000ef100000, 0x00000000ef100000| Untracked 
|  10|0x00000000ef200000, 0x00000000ef200000, 0x00000000ef300000|  0%| F|  |TAMS 0x00000000ef200000, 0x00000000ef200000| Untracked 
|  11|0x00000000ef300000, 0x00000000ef300000, 0x00000000ef400000|  0%| F|  |TAMS 0x00000000ef300000, 0x00000000ef300000| Untracked 
|  12|0x00000000ef400000, 0x00000000ef400000, 0x00000000ef500000|  0%| F|  |TAMS 0x00000000ef400000, 0x00000000ef400000| Untracked 
|  13|0x00000000ef500000, 0x00000000ef500000, 0x00000000ef600000|  0%| F|  |TAMS 0x00000000ef500000, 0x00000000ef500000| Untracked 
|  14|0x00000000ef600000, 0x00000000ef600000, 0x00000000ef700000|  0%| F|  |TAMS 0x00000000ef600000, 0x00000000ef600000| Untracked 
|  15|0x00000000ef700000, 0x00000000ef700000, 0x00000000ef800000|  0%| F|  |TAMS 0x00000000ef700000, 0x00000000ef700000| Untracked 
|  16|0x00000000ef800000, 0x00000000ef800000, 0x00000000ef900000|  0%| F|  |TAMS 0x00000000ef800000, 0x00000000ef800000| Untracked 
|  17|0x00000000ef900000, 0x00000000ef900000, 0x00000000efa00000|  0%| F|  |TAMS 0x00000000ef900000, 0x00000000ef900000| Untracked 
|  18|0x00000000efa00000, 0x00000000efa00000, 0x00000000efb00000|  0%| F|  |TAMS 0x00000000efa00000, 0x00000000efa00000| Untracked 
|  19|0x00000000efb00000, 0x00000000efb00000, 0x00000000efc00000|  0%| F|  |TAMS 0x00000000efb00000, 0x00000000efb00000| Untracked 
|  20|0x00000000efc00000, 0x00000000efc00000, 0x00000000efd00000|  0%| F|  |TAMS 0x00000000efc00000, 0x00000000efc00000| Untracked 
|  21|0x00000000efd00000, 0x00000000efd00000, 0x00000000efe00000|  0%| F|  |TAMS 0x00000000efd00000, 0x00000000efd00000| Untracked 
|  22|0x00000000efe00000, 0x00000000efe00000, 0x00000000eff00000|  0%| F|  |TAMS 0x00000000efe00000, 0x00000000efe00000| Untracked 
|  23|0x00000000eff00000, 0x00000000eff00000, 0x00000000f0000000|  0%| F|  |TAMS 0x00000000eff00000, 0x00000000eff00000| Untracked 
|  24|0x00000000f0000000, 0x00000000f0000000, 0x00000000f0100000|  0%| F|  |TAMS 0x00000000f0000000, 0x00000000f0000000| Untracked 
|  25|0x00000000f0100000, 0x00000000f0100000, 0x00000000f0200000|  0%| F|  |TAMS 0x00000000f0100000, 0x00000000f0100000| Untracked 
|  26|0x00000000f0200000, 0x00000000f0200000, 0x00000000f0300000|  0%| F|  |TAMS 0x00000000f0200000, 0x00000000f0200000| Untracked 
|  27|0x00000000f0300000, 0x00000000f0300000, 0x00000000f0400000|  0%| F|  |TAMS 0x00000000f0300000, 0x00000000f0300000| Untracked 
|  28|0x00000000f0400000, 0x00000000f0400000, 0x00000000f0500000|  0%| F|  |TAMS 0x00000000f0400000, 0x00000000f0400000| Untracked 
|  29|0x00000000f0500000, 0x00000000f0500000, 0x00000000f0600000|  0%| F|  |TAMS 0x00000000f0500000, 0x00000000f0500000| Untracked 
|  30|0x00000000f0600000, 0x00000000f0600000, 0x00000000f0700000|  0%| F|  |TAMS 0x00000000f0600000, 0x00000000f0600000| Untracked 
|  31|0x00000000f0700000, 0x00000000f0700000, 0x00000000f0800000|  0%| F|  |TAMS 0x00000000f0700000, 0x00000000f0700000| Untracked 
|  32|0x00000000f0800000, 0x00000000f0800000, 0x00000000f0900000|  0%| F|  |TAMS 0x00000000f0800000, 0x00000000f0800000| Untracked 
|  33|0x00000000f0900000, 0x00000000f0900000, 0x00000000f0a00000|  0%| F|  |TAMS 0x00000000f0900000, 0x00000000f0900000| Untracked 
|  34|0x00000000f0a00000, 0x00000000f0a00000, 0x00000000f0b00000|  0%| F|  |TAMS 0x00000000f0a00000, 0x00000000f0a00000| Untracked 
|  35|0x00000000f0b00000, 0x00000000f0b00000, 0x00000000f0c00000|  0%| F|  |TAMS 0x00000000f0b00000, 0x00000000f0b00000| Untracked 
|  36|0x00000000f0c00000, 0x00000000f0c00000, 0x00000000f0d00000|  0%| F|  |TAMS 0x00000000f0c00000, 0x00000000f0c00000| Untracked 
|  37|0x00000000f0d00000, 0x00000000f0d00000, 0x00000000f0e00000|  0%| F|  |TAMS 0x00000000f0d00000, 0x00000000f0d00000| Untracked 
|  38|0x00000000f0e00000, 0x00000000f0e00000, 0x00000000f0f00000|  0%| F|  |TAMS 0x00000000f0e00000, 0x00000000f0e00000| Untracked 
|  39|0x00000000f0f00000, 0x00000000f0f00000, 0x00000000f1000000|  0%| F|  |TAMS 0x00000000f0f00000, 0x00000000f0f00000| Untracked 
|  40|0x00000000f1000000, 0x00000000f1000000, 0x00000000f1100000|  0%| F|  |TAMS 0x00000000f1000000, 0x00000000f1000000| Untracked 
|  41|0x00000000f1100000, 0x00000000f1100000, 0x00000000f1200000|  0%| F|  |TAMS 0x00000000f1100000, 0x00000000f1100000| Untracked 
|  42|0x00000000f1200000, 0x00000000f1200000, 0x00000000f1300000|  0%| F|  |TAMS 0x00000000f1200000, 0x00000000f1200000| Untracked 
|  43|0x00000000f1300000, 0x00000000f1300000, 0x00000000f1400000|  0%| F|  |TAMS 0x00000000f1300000, 0x00000000f1300000| Untracked 
|  44|0x00000000f1400000, 0x00000000f1400000, 0x00000000f1500000|  0%| F|  |TAMS 0x00000000f1400000, 0x00000000f1400000| Untracked 
|  45|0x00000000f1500000, 0x00000000f1500000, 0x00000000f1600000|  0%| F|  |TAMS 0x00000000f1500000, 0x00000000f1500000| Untracked 
|  46|0x00000000f1600000, 0x00000000f1600000, 0x00000000f1700000|  0%| F|  |TAMS 0x00000000f1600000, 0x00000000f1600000| Untracked 
|  47|0x00000000f1700000, 0x00000000f1700000, 0x00000000f1800000|  0%| F|  |TAMS 0x00000000f1700000, 0x00000000f1700000| Untracked 
|  48|0x00000000f1800000, 0x00000000f1800000, 0x00000000f1900000|  0%| F|  |TAMS 0x00000000f1800000, 0x00000000f1800000| Untracked 
|  49|0x00000000f1900000, 0x00000000f1900000, 0x00000000f1a00000|  0%| F|  |TAMS 0x00000000f1900000, 0x00000000f1900000| Untracked 
|  50|0x00000000f1a00000, 0x00000000f1a00000, 0x00000000f1b00000|  0%| F|  |TAMS 0x00000000f1a00000, 0x00000000f1a00000| Untracked 
|  51|0x00000000f1b00000, 0x00000000f1b00000, 0x00000000f1c00000|  0%| F|  |TAMS 0x00000000f1b00000, 0x00000000f1b00000| Untracked 
|  52|0x00000000f1c00000, 0x00000000f1c00000, 0x00000000f1d00000|  0%| F|  |TAMS 0x00000000f1c00000, 0x00000000f1c00000| Untracked 
|  53|0x00000000f1d00000, 0x00000000f1d00000, 0x00000000f1e00000|  0%| F|  |TAMS 0x00000000f1d00000, 0x00000000f1d00000| Untracked 
|  54|0x00000000f1e00000, 0x00000000f1e00000, 0x00000000f1f00000|  0%| F|  |TAMS 0x00000000f1e00000, 0x00000000f1e00000| Untracked 
|  55|0x00000000f1f00000, 0x00000000f1f00000, 0x00000000f2000000|  0%| F|  |TAMS 0x00000000f1f00000, 0x00000000f1f00000| Untracked 
|  56|0x00000000f2000000, 0x00000000f2000000, 0x00000000f2100000|  0%| F|  |TAMS 0x00000000f2000000, 0x00000000f2000000| Untracked 
|  57|0x00000000f2100000, 0x00000000f2100000, 0x00000000f2200000|  0%| F|  |TAMS 0x00000000f2100000, 0x00000000f2100000| Untracked 
|  58|0x00000000f2200000, 0x00000000f2200000, 0x00000000f2300000|  0%| F|  |TAMS 0x00000000f2200000, 0x00000000f2200000| Untracked 
|  59|0x00000000f2300000, 0x00000000f2300000, 0x00000000f2400000|  0%| F|  |TAMS 0x00000000f2300000, 0x00000000f2300000| Untracked 
|  60|0x00000000f2400000, 0x00000000f2400000, 0x00000000f2500000|  0%| F|  |TAMS 0x00000000f2400000, 0x00000000f2400000| Untracked 
|  61|0x00000000f2500000, 0x00000000f2500000, 0x00000000f2600000|  0%| F|  |TAMS 0x00000000f2500000, 0x00000000f2500000| Untracked 
|  62|0x00000000f2600000, 0x00000000f2600000, 0x00000000f2700000|  0%| F|  |TAMS 0x00000000f2600000, 0x00000000f2600000| Untracked 
|  63|0x00000000f2700000, 0x00000000f2700000, 0x00000000f2800000|  0%| F|  |TAMS 0x00000000f2700000, 0x00000000f2700000| Untracked 
|  64|0x00000000f2800000, 0x00000000f2800000, 0x00000000f2900000|  0%| F|  |TAMS 0x00000000f2800000, 0x00000000f2800000| Untracked 
|  65|0x00000000f2900000, 0x00000000f2900000, 0x00000000f2a00000|  0%| F|  |TAMS 0x00000000f2900000, 0x00000000f2900000| Untracked 
|  66|0x00000000f2a00000, 0x00000000f2a00000, 0x00000000f2b00000|  0%| F|  |TAMS 0x00000000f2a00000, 0x00000000f2a00000| Untracked 
|  67|0x00000000f2b00000, 0x00000000f2b00000, 0x00000000f2c00000|  0%| F|  |TAMS 0x00000000f2b00000, 0x00000000f2b00000| Untracked 
|  68|0x00000000f2c00000, 0x00000000f2c00000, 0x00000000f2d00000|  0%| F|  |TAMS 0x00000000f2c00000, 0x00000000f2c00000| Untracked 
|  69|0x00000000f2d00000, 0x00000000f2d00000, 0x00000000f2e00000|  0%| F|  |TAMS 0x00000000f2d00000, 0x00000000f2d00000| Untracked 
|  70|0x00000000f2e00000, 0x00000000f2e00000, 0x00000000f2f00000|  0%| F|  |TAMS 0x00000000f2e00000, 0x00000000f2e00000| Untracked 
|  71|0x00000000f2f00000, 0x00000000f2f00000, 0x00000000f3000000|  0%| F|  |TAMS 0x00000000f2f00000, 0x00000000f2f00000| Untracked 
|  72|0x00000000f3000000, 0x00000000f3000000, 0x00000000f3100000|  0%| F|  |TAMS 0x00000000f3000000, 0x00000000f3000000| Untracked 
|  73|0x00000000f3100000, 0x00000000f3100000, 0x00000000f3200000|  0%| F|  |TAMS 0x00000000f3100000, 0x00000000f3100000| Untracked 
|  74|0x00000000f3200000, 0x00000000f3200000, 0x00000000f3300000|  0%| F|  |TAMS 0x00000000f3200000, 0x00000000f3200000| Untracked 
|  75|0x00000000f3300000, 0x00000000f3300000, 0x00000000f3400000|  0%| F|  |TAMS 0x00000000f3300000, 0x00000000f3300000| Untracked 
|  76|0x00000000f3400000, 0x00000000f3400000, 0x00000000f3500000|  0%| F|  |TAMS 0x00000000f3400000, 0x00000000f3400000| Untracked 
|  77|0x00000000f3500000, 0x00000000f3500000, 0x00000000f3600000|  0%| F|  |TAMS 0x00000000f3500000, 0x00000000f3500000| Untracked 
|  78|0x00000000f3600000, 0x00000000f3600000, 0x00000000f3700000|  0%| F|  |TAMS 0x00000000f3600000, 0x00000000f3600000| Untracked 
|  79|0x00000000f3700000, 0x00000000f3700000, 0x00000000f3800000|  0%| F|  |TAMS 0x00000000f3700000, 0x00000000f3700000| Untracked 
|  80|0x00000000f3800000, 0x00000000f3800000, 0x00000000f3900000|  0%| F|  |TAMS 0x00000000f3800000, 0x00000000f3800000| Untracked 
|  81|0x00000000f3900000, 0x00000000f3900000, 0x00000000f3a00000|  0%| F|  |TAMS 0x00000000f3900000, 0x00000000f3900000| Untracked 
|  82|0x00000000f3a00000, 0x00000000f3a00000, 0x00000000f3b00000|  0%| F|  |TAMS 0x00000000f3a00000, 0x00000000f3a00000| Untracked 
|  83|0x00000000f3b00000, 0x00000000f3b00000, 0x00000000f3c00000|  0%| F|  |TAMS 0x00000000f3b00000, 0x00000000f3b00000| Untracked 
|  84|0x00000000f3c00000, 0x00000000f3c00000, 0x00000000f3d00000|  0%| F|  |TAMS 0x00000000f3c00000, 0x00000000f3c00000| Untracked 
|  85|0x00000000f3d00000, 0x00000000f3d00000, 0x00000000f3e00000|  0%| F|  |TAMS 0x00000000f3d00000, 0x00000000f3d00000| Untracked 
|  86|0x00000000f3e00000, 0x00000000f3e00000, 0x00000000f3f00000|  0%| F|  |TAMS 0x00000000f3e00000, 0x00000000f3e00000| Untracked 
|  87|0x00000000f3f00000, 0x00000000f3f00000, 0x00000000f4000000|  0%| F|  |TAMS 0x00000000f3f00000, 0x00000000f3f00000| Untracked 
|  88|0x00000000f4000000, 0x00000000f4000000, 0x00000000f4100000|  0%| F|  |TAMS 0x00000000f4000000, 0x00000000f4000000| Untracked 
|  89|0x00000000f4100000, 0x00000000f4100000, 0x00000000f4200000|  0%| F|  |TAMS 0x00000000f4100000, 0x00000000f4100000| Untracked 
|  90|0x00000000f4200000, 0x00000000f4200000, 0x00000000f4300000|  0%| F|  |TAMS 0x00000000f4200000, 0x00000000f4200000| Untracked 
|  91|0x00000000f4300000, 0x00000000f4300000, 0x00000000f4400000|  0%| F|  |TAMS 0x00000000f4300000, 0x00000000f4300000| Untracked 
|  92|0x00000000f4400000, 0x00000000f4400000, 0x00000000f4500000|  0%| F|  |TAMS 0x00000000f4400000, 0x00000000f4400000| Untracked 
|  93|0x00000000f4500000, 0x00000000f4500000, 0x00000000f4600000|  0%| F|  |TAMS 0x00000000f4500000, 0x00000000f4500000| Untracked 
|  94|0x00000000f4600000, 0x00000000f4600000, 0x00000000f4700000|  0%| F|  |TAMS 0x00000000f4600000, 0x00000000f4600000| Untracked 
|  95|0x00000000f4700000, 0x00000000f4700000, 0x00000000f4800000|  0%| F|  |TAMS 0x00000000f4700000, 0x00000000f4700000| Untracked 
|  96|0x00000000f4800000, 0x00000000f4800000, 0x00000000f4900000|  0%| F|  |TAMS 0x00000000f4800000, 0x00000000f4800000| Untracked 
|  97|0x00000000f4900000, 0x00000000f4900000, 0x00000000f4a00000|  0%| F|  |TAMS 0x00000000f4900000, 0x00000000f4900000| Untracked 
|  98|0x00000000f4a00000, 0x00000000f4a00000, 0x00000000f4b00000|  0%| F|  |TAMS 0x00000000f4a00000, 0x00000000f4a00000| Untracked 
|  99|0x00000000f4b00000, 0x00000000f4b00000, 0x00000000f4c00000|  0%| F|  |TAMS 0x00000000f4b00000, 0x00000000f4b00000| Untracked 
| 100|0x00000000f4c00000, 0x00000000f4c00000, 0x00000000f4d00000|  0%| F|  |TAMS 0x00000000f4c00000, 0x00000000f4c00000| Untracked 
| 101|0x00000000f4d00000, 0x00000000f4d00000, 0x00000000f4e00000|  0%| F|  |TAMS 0x00000000f4d00000, 0x00000000f4d00000| Untracked 
| 102|0x00000000f4e00000, 0x00000000f4e00000, 0x00000000f4f00000|  0%| F|  |TAMS 0x00000000f4e00000, 0x00000000f4e00000| Untracked 
| 103|0x00000000f4f00000, 0x00000000f4f00000, 0x00000000f5000000|  0%| F|  |TAMS 0x00000000f4f00000, 0x00000000f4f00000| Untracked 
| 104|0x00000000f5000000, 0x00000000f5000000, 0x00000000f5100000|  0%| F|  |TAMS 0x00000000f5000000, 0x00000000f5000000| Untracked 
| 105|0x00000000f5100000, 0x00000000f5100000, 0x00000000f5200000|  0%| F|  |TAMS 0x00000000f5100000, 0x00000000f5100000| Untracked 
| 106|0x00000000f5200000, 0x00000000f5200000, 0x00000000f5300000|  0%| F|  |TAMS 0x00000000f5200000, 0x00000000f5200000| Untracked 
| 107|0x00000000f5300000, 0x00000000f5300000, 0x00000000f5400000|  0%| F|  |TAMS 0x00000000f5300000, 0x00000000f5300000| Untracked 
| 108|0x00000000f5400000, 0x00000000f5400000, 0x00000000f5500000|  0%| F|  |TAMS 0x00000000f5400000, 0x00000000f5400000| Untracked 
| 109|0x00000000f5500000, 0x00000000f5500000, 0x00000000f5600000|  0%| F|  |TAMS 0x00000000f5500000, 0x00000000f5500000| Untracked 
| 110|0x00000000f5600000, 0x00000000f5600000, 0x00000000f5700000|  0%| F|  |TAMS 0x00000000f5600000, 0x00000000f5600000| Untracked 
| 111|0x00000000f5700000, 0x00000000f5700000, 0x00000000f5800000|  0%| F|  |TAMS 0x00000000f5700000, 0x00000000f5700000| Untracked 
| 112|0x00000000f5800000, 0x00000000f5800000, 0x00000000f5900000|  0%| F|  |TAMS 0x00000000f5800000, 0x00000000f5800000| Untracked 
| 113|0x00000000f5900000, 0x00000000f5900000, 0x00000000f5a00000|  0%| F|  |TAMS 0x00000000f5900000, 0x00000000f5900000| Untracked 
| 114|0x00000000f5a00000, 0x00000000f5a00000, 0x00000000f5b00000|  0%| F|  |TAMS 0x00000000f5a00000, 0x00000000f5a00000| Untracked 
| 115|0x00000000f5b00000, 0x00000000f5b00000, 0x00000000f5c00000|  0%| F|  |TAMS 0x00000000f5b00000, 0x00000000f5b00000| Untracked 
| 116|0x00000000f5c00000, 0x00000000f5c00000, 0x00000000f5d00000|  0%| F|  |TAMS 0x00000000f5c00000, 0x00000000f5c00000| Untracked 
| 117|0x00000000f5d00000, 0x00000000f5d00000, 0x00000000f5e00000|  0%| F|  |TAMS 0x00000000f5d00000, 0x00000000f5d00000| Untracked 
| 118|0x00000000f5e00000, 0x00000000f5e00000, 0x00000000f5f00000|  0%| F|  |TAMS 0x00000000f5e00000, 0x00000000f5e00000| Untracked 
| 119|0x00000000f5f00000, 0x00000000f5f00000, 0x00000000f6000000|  0%| F|  |TAMS 0x00000000f5f00000, 0x00000000f5f00000| Untracked 
| 120|0x00000000f6000000, 0x00000000f6000000, 0x00000000f6100000|  0%| F|  |TAMS 0x00000000f6000000, 0x00000000f6000000| Untracked 
| 121|0x00000000f6100000, 0x00000000f6100000, 0x00000000f6200000|  0%| F|  |TAMS 0x00000000f6100000, 0x00000000f6100000| Untracked 
| 122|0x00000000f6200000, 0x00000000f6200000, 0x00000000f6300000|  0%| F|  |TAMS 0x00000000f6200000, 0x00000000f6200000| Untracked 
| 123|0x00000000f6300000, 0x00000000f6300000, 0x00000000f6400000|  0%| F|  |TAMS 0x00000000f6300000, 0x00000000f6300000| Untracked 
| 124|0x00000000f6400000, 0x00000000f6400000, 0x00000000f6500000|  0%| F|  |TAMS 0x00000000f6400000, 0x00000000f6400000| Untracked 
| 125|0x00000000f6500000, 0x00000000f6500000, 0x00000000f6600000|  0%| F|  |TAMS 0x00000000f6500000, 0x00000000f6500000| Untracked 
| 126|0x00000000f6600000, 0x00000000f6600000, 0x00000000f6700000|  0%| F|  |TAMS 0x00000000f6600000, 0x00000000f6600000| Untracked 
| 127|0x00000000f6700000, 0x00000000f6700000, 0x00000000f6800000|  0%| F|  |TAMS 0x00000000f6700000, 0x00000000f6700000| Untracked 
| 128|0x00000000f6800000, 0x00000000f6800000, 0x00000000f6900000|  0%| F|  |TAMS 0x00000000f6800000, 0x00000000f6800000| Untracked 
| 129|0x00000000f6900000, 0x00000000f6900000, 0x00000000f6a00000|  0%| F|  |TAMS 0x00000000f6900000, 0x00000000f6900000| Untracked 
| 130|0x00000000f6a00000, 0x00000000f6a00000, 0x00000000f6b00000|  0%| F|  |TAMS 0x00000000f6a00000, 0x00000000f6a00000| Untracked 
| 131|0x00000000f6b00000, 0x00000000f6b00000, 0x00000000f6c00000|  0%| F|  |TAMS 0x00000000f6b00000, 0x00000000f6b00000| Untracked 
| 132|0x00000000f6c00000, 0x00000000f6c00000, 0x00000000f6d00000|  0%| F|  |TAMS 0x00000000f6c00000, 0x00000000f6c00000| Untracked 
| 133|0x00000000f6d00000, 0x00000000f6d00000, 0x00000000f6e00000|  0%| F|  |TAMS 0x00000000f6d00000, 0x00000000f6d00000| Untracked 
| 134|0x00000000f6e00000, 0x00000000f6e00000, 0x00000000f6f00000|  0%| F|  |TAMS 0x00000000f6e00000, 0x00000000f6e00000| Untracked 
| 135|0x00000000f6f00000, 0x00000000f6f00000, 0x00000000f7000000|  0%| F|  |TAMS 0x00000000f6f00000, 0x00000000f6f00000| Untracked 
| 136|0x00000000f7000000, 0x00000000f7000000, 0x00000000f7100000|  0%| F|  |TAMS 0x00000000f7000000, 0x00000000f7000000| Untracked 
| 137|0x00000000f7100000, 0x00000000f7100000, 0x00000000f7200000|  0%| F|  |TAMS 0x00000000f7100000, 0x00000000f7100000| Untracked 
| 138|0x00000000f7200000, 0x00000000f7200000, 0x00000000f7300000|  0%| F|  |TAMS 0x00000000f7200000, 0x00000000f7200000| Untracked 
| 139|0x00000000f7300000, 0x00000000f7300000, 0x00000000f7400000|  0%| F|  |TAMS 0x00000000f7300000, 0x00000000f7300000| Untracked 
| 140|0x00000000f7400000, 0x00000000f7400000, 0x00000000f7500000|  0%| F|  |TAMS 0x00000000f7400000, 0x00000000f7400000| Untracked 
| 141|0x00000000f7500000, 0x00000000f7500000, 0x00000000f7600000|  0%| F|  |TAMS 0x00000000f7500000, 0x00000000f7500000| Untracked 
| 142|0x00000000f7600000, 0x00000000f7600000, 0x00000000f7700000|  0%| F|  |TAMS 0x00000000f7600000, 0x00000000f7600000| Untracked 
| 143|0x00000000f7700000, 0x00000000f7700000, 0x00000000f7800000|  0%| F|  |TAMS 0x00000000f7700000, 0x00000000f7700000| Untracked 
| 144|0x00000000f7800000, 0x00000000f7800000, 0x00000000f7900000|  0%| F|  |TAMS 0x00000000f7800000, 0x00000000f7800000| Untracked 
| 145|0x00000000f7900000, 0x00000000f7900000, 0x00000000f7a00000|  0%| F|  |TAMS 0x00000000f7900000, 0x00000000f7900000| Untracked 
| 146|0x00000000f7a00000, 0x00000000f7a00000, 0x00000000f7b00000|  0%| F|  |TAMS 0x00000000f7a00000, 0x00000000f7a00000| Untracked 
| 147|0x00000000f7b00000, 0x00000000f7b00000, 0x00000000f7c00000|  0%| F|  |TAMS 0x00000000f7b00000, 0x00000000f7b00000| Untracked 
| 148|0x00000000f7c00000, 0x00000000f7c00000, 0x00000000f7d00000|  0%| F|  |TAMS 0x00000000f7c00000, 0x00000000f7c00000| Untracked 
| 149|0x00000000f7d00000, 0x00000000f7d00000, 0x00000000f7e00000|  0%| F|  |TAMS 0x00000000f7d00000, 0x00000000f7d00000| Untracked 
| 150|0x00000000f7e00000, 0x00000000f7e00000, 0x00000000f7f00000|  0%| F|  |TAMS 0x00000000f7e00000, 0x00000000f7e00000| Untracked 
| 151|0x00000000f7f00000, 0x00000000f7f00000, 0x00000000f8000000|  0%| F|  |TAMS 0x00000000f7f00000, 0x00000000f7f00000| Untracked 
| 152|0x00000000f8000000, 0x00000000f8000000, 0x00000000f8100000|  0%| F|  |TAMS 0x00000000f8000000, 0x00000000f8000000| Untracked 
| 153|0x00000000f8100000, 0x00000000f8100000, 0x00000000f8200000|  0%| F|  |TAMS 0x00000000f8100000, 0x00000000f8100000| Untracked 
| 154|0x00000000f8200000, 0x00000000f8200000, 0x00000000f8300000|  0%| F|  |TAMS 0x00000000f8200000, 0x00000000f8200000| Untracked 
| 155|0x00000000f8300000, 0x00000000f8300000, 0x00000000f8400000|  0%| F|  |TAMS 0x00000000f8300000, 0x00000000f8300000| Untracked 
| 156|0x00000000f8400000, 0x00000000f8400000, 0x00000000f8500000|  0%| F|  |TAMS 0x00000000f8400000, 0x00000000f8400000| Untracked 
| 157|0x00000000f8500000, 0x00000000f8500000, 0x00000000f8600000|  0%| F|  |TAMS 0x00000000f8500000, 0x00000000f8500000| Untracked 
| 158|0x00000000f8600000, 0x00000000f8600000, 0x00000000f8700000|  0%| F|  |TAMS 0x00000000f8600000, 0x00000000f8600000| Untracked 
| 159|0x00000000f8700000, 0x00000000f8700000, 0x00000000f8800000|  0%| F|  |TAMS 0x00000000f8700000, 0x00000000f8700000| Untracked 
| 160|0x00000000f8800000, 0x00000000f8800000, 0x00000000f8900000|  0%| F|  |TAMS 0x00000000f8800000, 0x00000000f8800000| Untracked 
| 161|0x00000000f8900000, 0x00000000f8900000, 0x00000000f8a00000|  0%| F|  |TAMS 0x00000000f8900000, 0x00000000f8900000| Untracked 
| 162|0x00000000f8a00000, 0x00000000f8a00000, 0x00000000f8b00000|  0%| F|  |TAMS 0x00000000f8a00000, 0x00000000f8a00000| Untracked 
| 163|0x00000000f8b00000, 0x00000000f8b00000, 0x00000000f8c00000|  0%| F|  |TAMS 0x00000000f8b00000, 0x00000000f8b00000| Untracked 
| 164|0x00000000f8c00000, 0x00000000f8c00000, 0x00000000f8d00000|  0%| F|  |TAMS 0x00000000f8c00000, 0x00000000f8c00000| Untracked 
| 165|0x00000000f8d00000, 0x00000000f8d00000, 0x00000000f8e00000|  0%| F|  |TAMS 0x00000000f8d00000, 0x00000000f8d00000| Untracked 
| 166|0x00000000f8e00000, 0x00000000f8e00000, 0x00000000f8f00000|  0%| F|  |TAMS 0x00000000f8e00000, 0x00000000f8e00000| Untracked 
| 167|0x00000000f8f00000, 0x00000000f8f00000, 0x00000000f9000000|  0%| F|  |TAMS 0x00000000f8f00000, 0x00000000f8f00000| Untracked 
| 168|0x00000000f9000000, 0x00000000f9000000, 0x00000000f9100000|  0%| F|  |TAMS 0x00000000f9000000, 0x00000000f9000000| Untracked 
| 169|0x00000000f9100000, 0x00000000f9100000, 0x00000000f9200000|  0%| F|  |TAMS 0x00000000f9100000, 0x00000000f9100000| Untracked 
| 170|0x00000000f9200000, 0x00000000f9200000, 0x00000000f9300000|  0%| F|  |TAMS 0x00000000f9200000, 0x00000000f9200000| Untracked 
| 171|0x00000000f9300000, 0x00000000f9300000, 0x00000000f9400000|  0%| F|  |TAMS 0x00000000f9300000, 0x00000000f9300000| Untracked 
| 172|0x00000000f9400000, 0x00000000f9400000, 0x00000000f9500000|  0%| F|  |TAMS 0x00000000f9400000, 0x00000000f9400000| Untracked 
| 173|0x00000000f9500000, 0x00000000f9500000, 0x00000000f9600000|  0%| F|  |TAMS 0x00000000f9500000, 0x00000000f9500000| Untracked 
| 174|0x00000000f9600000, 0x00000000f9600000, 0x00000000f9700000|  0%| F|  |TAMS 0x00000000f9600000, 0x00000000f9600000| Untracked 
| 175|0x00000000f9700000, 0x00000000f9700000, 0x00000000f9800000|  0%| F|  |TAMS 0x00000000f9700000, 0x00000000f9700000| Untracked 
| 176|0x00000000f9800000, 0x00000000f9800000, 0x00000000f9900000|  0%| F|  |TAMS 0x00000000f9800000, 0x00000000f9800000| Untracked 
| 177|0x00000000f9900000, 0x00000000f9900000, 0x00000000f9a00000|  0%| F|  |TAMS 0x00000000f9900000, 0x00000000f9900000| Untracked 
| 178|0x00000000f9a00000, 0x00000000f9a00000, 0x00000000f9b00000|  0%| F|  |TAMS 0x00000000f9a00000, 0x00000000f9a00000| Untracked 
| 179|0x00000000f9b00000, 0x00000000f9b00000, 0x00000000f9c00000|  0%| F|  |TAMS 0x00000000f9b00000, 0x00000000f9b00000| Untracked 
| 180|0x00000000f9c00000, 0x00000000f9c00000, 0x00000000f9d00000|  0%| F|  |TAMS 0x00000000f9c00000, 0x00000000f9c00000| Untracked 
| 181|0x00000000f9d00000, 0x00000000f9d00000, 0x00000000f9e00000|  0%| F|  |TAMS 0x00000000f9d00000, 0x00000000f9d00000| Untracked 
| 182|0x00000000f9e00000, 0x00000000f9e00000, 0x00000000f9f00000|  0%| F|  |TAMS 0x00000000f9e00000, 0x00000000f9e00000| Untracked 
| 183|0x00000000f9f00000, 0x00000000f9f00000, 0x00000000fa000000|  0%| F|  |TAMS 0x00000000f9f00000, 0x00000000f9f00000| Untracked 
| 184|0x00000000fa000000, 0x00000000fa000000, 0x00000000fa100000|  0%| F|  |TAMS 0x00000000fa000000, 0x00000000fa000000| Untracked 
| 185|0x00000000fa100000, 0x00000000fa100000, 0x00000000fa200000|  0%| F|  |TAMS 0x00000000fa100000, 0x00000000fa100000| Untracked 
| 186|0x00000000fa200000, 0x00000000fa200000, 0x00000000fa300000|  0%| F|  |TAMS 0x00000000fa200000, 0x00000000fa200000| Untracked 
| 187|0x00000000fa300000, 0x00000000fa300000, 0x00000000fa400000|  0%| F|  |TAMS 0x00000000fa300000, 0x00000000fa300000| Untracked 
| 188|0x00000000fa400000, 0x00000000fa400000, 0x00000000fa500000|  0%| F|  |TAMS 0x00000000fa400000, 0x00000000fa400000| Untracked 
| 189|0x00000000fa500000, 0x00000000fa500000, 0x00000000fa600000|  0%| F|  |TAMS 0x00000000fa500000, 0x00000000fa500000| Untracked 
| 190|0x00000000fa600000, 0x00000000fa600000, 0x00000000fa700000|  0%| F|  |TAMS 0x00000000fa600000, 0x00000000fa600000| Untracked 
| 191|0x00000000fa700000, 0x00000000fa700000, 0x00000000fa800000|  0%| F|  |TAMS 0x00000000fa700000, 0x00000000fa700000| Untracked 
| 192|0x00000000fa800000, 0x00000000fa800000, 0x00000000fa900000|  0%| F|  |TAMS 0x00000000fa800000, 0x00000000fa800000| Untracked 
| 193|0x00000000fa900000, 0x00000000fa900000, 0x00000000faa00000|  0%| F|  |TAMS 0x00000000fa900000, 0x00000000fa900000| Untracked 
| 194|0x00000000faa00000, 0x00000000faa00000, 0x00000000fab00000|  0%| F|  |TAMS 0x00000000faa00000, 0x00000000faa00000| Untracked 
| 195|0x00000000fab00000, 0x00000000fab00000, 0x00000000fac00000|  0%| F|  |TAMS 0x00000000fab00000, 0x00000000fab00000| Untracked 
| 196|0x00000000fac00000, 0x00000000fac00000, 0x00000000fad00000|  0%| F|  |TAMS 0x00000000fac00000, 0x00000000fac00000| Untracked 
| 197|0x00000000fad00000, 0x00000000fad00000, 0x00000000fae00000|  0%| F|  |TAMS 0x00000000fad00000, 0x00000000fad00000| Untracked 
| 198|0x00000000fae00000, 0x00000000fae00000, 0x00000000faf00000|  0%| F|  |TAMS 0x00000000fae00000, 0x00000000fae00000| Untracked 
| 199|0x00000000faf00000, 0x00000000faf00000, 0x00000000fb000000|  0%| F|  |TAMS 0x00000000faf00000, 0x00000000faf00000| Untracked 
| 200|0x00000000fb000000, 0x00000000fb000000, 0x00000000fb100000|  0%| F|  |TAMS 0x00000000fb000000, 0x00000000fb000000| Untracked 
| 201|0x00000000fb100000, 0x00000000fb100000, 0x00000000fb200000|  0%| F|  |TAMS 0x00000000fb100000, 0x00000000fb100000| Untracked 
| 202|0x00000000fb200000, 0x00000000fb200000, 0x00000000fb300000|  0%| F|  |TAMS 0x00000000fb200000, 0x00000000fb200000| Untracked 
| 203|0x00000000fb300000, 0x00000000fb300000, 0x00000000fb400000|  0%| F|  |TAMS 0x00000000fb300000, 0x00000000fb300000| Untracked 
| 204|0x00000000fb400000, 0x00000000fb400000, 0x00000000fb500000|  0%| F|  |TAMS 0x00000000fb400000, 0x00000000fb400000| Untracked 
| 205|0x00000000fb500000, 0x00000000fb500000, 0x00000000fb600000|  0%| F|  |TAMS 0x00000000fb500000, 0x00000000fb500000| Untracked 
| 206|0x00000000fb600000, 0x00000000fb600000, 0x00000000fb700000|  0%| F|  |TAMS 0x00000000fb600000, 0x00000000fb600000| Untracked 
| 207|0x00000000fb700000, 0x00000000fb700000, 0x00000000fb800000|  0%| F|  |TAMS 0x00000000fb700000, 0x00000000fb700000| Untracked 
| 208|0x00000000fb800000, 0x00000000fb800000, 0x00000000fb900000|  0%| F|  |TAMS 0x00000000fb800000, 0x00000000fb800000| Untracked 
| 209|0x00000000fb900000, 0x00000000fb900000, 0x00000000fba00000|  0%| F|  |TAMS 0x00000000fb900000, 0x00000000fb900000| Untracked 
| 210|0x00000000fba00000, 0x00000000fba00000, 0x00000000fbb00000|  0%| F|  |TAMS 0x00000000fba00000, 0x00000000fba00000| Untracked 
| 211|0x00000000fbb00000, 0x00000000fbb00000, 0x00000000fbc00000|  0%| F|  |TAMS 0x00000000fbb00000, 0x00000000fbb00000| Untracked 
| 212|0x00000000fbc00000, 0x00000000fbc00000, 0x00000000fbd00000|  0%| F|  |TAMS 0x00000000fbc00000, 0x00000000fbc00000| Untracked 
| 213|0x00000000fbd00000, 0x00000000fbd00000, 0x00000000fbe00000|  0%| F|  |TAMS 0x00000000fbd00000, 0x00000000fbd00000| Untracked 
| 214|0x00000000fbe00000, 0x00000000fbe00000, 0x00000000fbf00000|  0%| F|  |TAMS 0x00000000fbe00000, 0x00000000fbe00000| Untracked 
| 215|0x00000000fbf00000, 0x00000000fbf00000, 0x00000000fc000000|  0%| F|  |TAMS 0x00000000fbf00000, 0x00000000fbf00000| Untracked 
| 216|0x00000000fc000000, 0x00000000fc000000, 0x00000000fc100000|  0%| F|  |TAMS 0x00000000fc000000, 0x00000000fc000000| Untracked 
| 217|0x00000000fc100000, 0x00000000fc100000, 0x00000000fc200000|  0%| F|  |TAMS 0x00000000fc100000, 0x00000000fc100000| Untracked 
| 218|0x00000000fc200000, 0x00000000fc200000, 0x00000000fc300000|  0%| F|  |TAMS 0x00000000fc200000, 0x00000000fc200000| Untracked 
| 219|0x00000000fc300000, 0x00000000fc300000, 0x00000000fc400000|  0%| F|  |TAMS 0x00000000fc300000, 0x00000000fc300000| Untracked 
| 220|0x00000000fc400000, 0x00000000fc400000, 0x00000000fc500000|  0%| F|  |TAMS 0x00000000fc400000, 0x00000000fc400000| Untracked 
| 221|0x00000000fc500000, 0x00000000fc500000, 0x00000000fc600000|  0%| F|  |TAMS 0x00000000fc500000, 0x00000000fc500000| Untracked 
| 222|0x00000000fc600000, 0x00000000fc600000, 0x00000000fc700000|  0%| F|  |TAMS 0x00000000fc600000, 0x00000000fc600000| Untracked 
| 223|0x00000000fc700000, 0x00000000fc700000, 0x00000000fc800000|  0%| F|  |TAMS 0x00000000fc700000, 0x00000000fc700000| Untracked 
| 224|0x00000000fc800000, 0x00000000fc800000, 0x00000000fc900000|  0%| F|  |TAMS 0x00000000fc800000, 0x00000000fc800000| Untracked 
| 225|0x00000000fc900000, 0x00000000fc900000, 0x00000000fca00000|  0%| F|  |TAMS 0x00000000fc900000, 0x00000000fc900000| Untracked 
| 226|0x00000000fca00000, 0x00000000fca00000, 0x00000000fcb00000|  0%| F|  |TAMS 0x00000000fca00000, 0x00000000fca00000| Untracked 
| 227|0x00000000fcb00000, 0x00000000fcb00000, 0x00000000fcc00000|  0%| F|  |TAMS 0x00000000fcb00000, 0x00000000fcb00000| Untracked 
| 228|0x00000000fcc00000, 0x00000000fcc00000, 0x00000000fcd00000|  0%| F|  |TAMS 0x00000000fcc00000, 0x00000000fcc00000| Untracked 
| 229|0x00000000fcd00000, 0x00000000fcd00000, 0x00000000fce00000|  0%| F|  |TAMS 0x00000000fcd00000, 0x00000000fcd00000| Untracked 
| 230|0x00000000fce00000, 0x00000000fce00000, 0x00000000fcf00000|  0%| F|  |TAMS 0x00000000fce00000, 0x00000000fce00000| Untracked 
| 231|0x00000000fcf00000, 0x00000000fcf00000, 0x00000000fd000000|  0%| F|  |TAMS 0x00000000fcf00000, 0x00000000fcf00000| Untracked 
| 232|0x00000000fd000000, 0x00000000fd000000, 0x00000000fd100000|  0%| F|  |TAMS 0x00000000fd000000, 0x00000000fd000000| Untracked 
| 233|0x00000000fd100000, 0x00000000fd100000, 0x00000000fd200000|  0%| F|  |TAMS 0x00000000fd100000, 0x00000000fd100000| Untracked 
| 234|0x00000000fd200000, 0x00000000fd200000, 0x00000000fd300000|  0%| F|  |TAMS 0x00000000fd200000, 0x00000000fd200000| Untracked 
| 235|0x00000000fd300000, 0x00000000fd300000, 0x00000000fd400000|  0%| F|  |TAMS 0x00000000fd300000, 0x00000000fd300000| Untracked 
| 236|0x00000000fd400000, 0x00000000fd400000, 0x00000000fd500000|  0%| F|  |TAMS 0x00000000fd400000, 0x00000000fd400000| Untracked 
| 237|0x00000000fd500000, 0x00000000fd500000, 0x00000000fd600000|  0%| F|  |TAMS 0x00000000fd500000, 0x00000000fd500000| Untracked 
| 238|0x00000000fd600000, 0x00000000fd67fda8, 0x00000000fd700000| 49%| E|  |TAMS 0x00000000fd600000, 0x00000000fd600000| Complete 
| 239|0x00000000fd700000, 0x00000000fd800000, 0x00000000fd800000|100%| E|CS|TAMS 0x00000000fd700000, 0x00000000fd700000| Complete 
| 240|0x00000000fd800000, 0x00000000fd900000, 0x00000000fd900000|100%| E|CS|TAMS 0x00000000fd800000, 0x00000000fd800000| Complete 
| 241|0x00000000fd900000, 0x00000000fda00000, 0x00000000fda00000|100%| E|CS|TAMS 0x00000000fd900000, 0x00000000fd900000| Complete 
| 242|0x00000000fda00000, 0x00000000fdb00000, 0x00000000fdb00000|100%| E|CS|TAMS 0x00000000fda00000, 0x00000000fda00000| Complete 
| 243|0x00000000fdb00000, 0x00000000fdc00000, 0x00000000fdc00000|100%| E|  |TAMS 0x00000000fdb00000, 0x00000000fdb00000| Complete 
| 244|0x00000000fdc00000, 0x00000000fdd00000, 0x00000000fdd00000|100%| E|CS|TAMS 0x00000000fdc00000, 0x00000000fdc00000| Complete 
| 245|0x00000000fdd00000, 0x00000000fde00000, 0x00000000fde00000|100%| E|CS|TAMS 0x00000000fdd00000, 0x00000000fdd00000| Complete 
| 246|0x00000000fde00000, 0x00000000fdf00000, 0x00000000fdf00000|100%| E|CS|TAMS 0x00000000fde00000, 0x00000000fde00000| Complete 
| 247|0x00000000fdf00000, 0x00000000fe000000, 0x00000000fe000000|100%| E|CS|TAMS 0x00000000fdf00000, 0x00000000fdf00000| Complete 
| 248|0x00000000fe000000, 0x00000000fe100000, 0x00000000fe100000|100%| E|CS|TAMS 0x00000000fe000000, 0x00000000fe000000| Complete 
| 249|0x00000000fe100000, 0x00000000fe200000, 0x00000000fe200000|100%| E|CS|TAMS 0x00000000fe100000, 0x00000000fe100000| Complete 
| 250|0x00000000fe200000, 0x00000000fe300000, 0x00000000fe300000|100%| E|CS|TAMS 0x00000000fe200000, 0x00000000fe200000| Complete 
| 251|0x00000000fe300000, 0x00000000fe400000, 0x00000000fe400000|100%| E|CS|TAMS 0x00000000fe300000, 0x00000000fe300000| Complete 

Card table byte_map: [0x00000228f3440000,0x00000228f34d0000] _byte_map_base: 0x00000228f2ccc000

Marking Bits (Prev, Next): (CMBitMap*) 0x00000228eb9370e0, (CMBitMap*) 0x00000228eb937120
 Prev Bits: [0x00000228f3560000, 0x00000228f39c0000)
 Next Bits: [0x00000228f39c0000, 0x00000228f3e20000)

Polling page: 0x00000228eb0f0000

Metaspace:

Usage:
  Non-class:      4.33 MB used.
      Class:    463.11 KB used.
       Both:      4.78 MB used.

Virtual space:
  Non-class space:        8.00 MB reserved,       4.38 MB ( 55%) committed,  1 nodes.
      Class space:        1.00 GB reserved,     512.00 KB ( <1%) committed,  1 nodes.
             Both:        1.01 GB reserved,       4.88 MB ( <1%) committed. 

Chunk freelists:
   Non-Class:  3.25 MB
       Class:  3.50 MB
        Both:  6.75 MB

MaxMetaspaceSize: unlimited
CompressedClassSpaceSize: 1.00 GB
Initial GC threshold: 21.00 MB
Current GC threshold: 21.00 MB
CDS: on
MetaspaceReclaimPolicy: balanced
 - commit_granule_bytes: 65536.
 - commit_granule_words: 8192.
 - virtual_space_node_default_size: 1048576.
 - enlarge_chunks_in_place: 1.
 - new_chunks_are_fully_committed: 0.
 - uncommit_free_chunks: 1.
 - use_allocation_guard: 0.
 - handle_deallocations: 1.


Internal statistics:

num_allocs_failed_limit: 0.
num_arena_births: 38.
num_arena_deaths: 0.
num_vsnodes_births: 2.
num_vsnodes_deaths: 0.
num_space_committed: 78.
num_space_uncommitted: 0.
num_chunks_returned_to_freelist: 0.
num_chunks_taken_from_freelist: 92.
num_chunk_merges: 0.
num_chunk_splits: 54.
num_chunks_enlarged: 36.
num_purges: 0.
num_inconsistent_stats: 0.

CodeHeap 'non-profiled nmethods': size=120000Kb used=285Kb max_used=285Kb free=119714Kb
 bounds [0x0000022887ad0000, 0x0000022887d40000, 0x000002288f000000]
CodeHeap 'profiled nmethods': size=120000Kb used=1333Kb max_used=1333Kb free=118666Kb
 bounds [0x00000228805a0000, 0x0000022880810000, 0x0000022887ad0000]
CodeHeap 'non-nmethods': size=5760Kb used=1219Kb max_used=1237Kb free=4540Kb
 bounds [0x0000022880000000, 0x0000022880270000, 0x00000228805a0000]
 total_blobs=1244 nmethods=804 adapters=353
 compilation: enabled
              stopped_count=0, restarted_count=0
 full_count=0

Compilation events (20 events):
Event: 0.393 Thread 0x00000228f6883560  796       3       java.lang.String::charAt (25 bytes)
Event: 0.393 Thread 0x00000228f7c78250  800       4       java.lang.StringLatin1::replace (198 bytes)
Event: 0.393 Thread 0x00000228f6883560 nmethod 796 0x00000228806e7b90 code [0x00000228806e7d80, 0x00000228806e82f8]
Event: 0.393 Thread 0x00000228f6883560  797       3       java.lang.String::codePointAt (50 bytes)
Event: 0.393 Thread 0x00000228f6883560 nmethod 797 0x00000228806e8590 code [0x00000228806e8780, 0x00000228806e8b28]
Event: 0.393 Thread 0x00000228f6883560  798       3       java.util.regex.Pattern::next (33 bytes)
Event: 0.393 Thread 0x00000228f6883560 nmethod 798 0x00000228806e8d10 code [0x00000228806e8ec0, 0x00000228806e9148]
Event: 0.393 Thread 0x00000228f6883560  793       3       java.net.URL::<init> (8 bytes)
Event: 0.393 Thread 0x00000228f6883560 nmethod 793 0x00000228806e9290 code [0x00000228806e9440, 0x00000228806e95a8]
Event: 0.394 Thread 0x00000228f6883560  795       3       java.net.URLStreamHandler::setURL (73 bytes)
Event: 0.394 Thread 0x00000228f6883560 nmethod 795 0x00000228806e9690 code [0x00000228806e9980, 0x00000228806ea7b8]
Event: 0.394 Thread 0x00000228f6883560  801       3       java.lang.invoke.DirectMethodHandle::allocateInstance (16 bytes)
Event: 0.394 Thread 0x00000228f6883560 nmethod 801 0x00000228806ead90 code [0x00000228806eaf40, 0x00000228806eb188]
Event: 0.394 Thread 0x00000228f6883560  802       3       java.lang.invoke.DirectMethodHandle::constructorMethod (10 bytes)
Event: 0.394 Thread 0x00000228f6883560 nmethod 802 0x00000228806eb290 code [0x00000228806eb420, 0x00000228806eb618]
Event: 0.395 Thread 0x00000228f6883560  803       3       java.lang.invoke.MethodTypeForm::canonicalize (59 bytes)
Event: 0.395 Thread 0x00000228f6883560 nmethod 803 0x00000228806eb710 code [0x00000228806eb8e0, 0x00000228806ebc08]
Event: 0.395 Thread 0x00000228f6883560  804       3       java.lang.invoke.MethodType$ConcurrentWeakInternSet::add (66 bytes)
Event: 0.396 Thread 0x00000228f6883560 nmethod 804 0x00000228806ebd90 code [0x00000228806ec020, 0x00000228806ecec8]
Event: 0.401 Thread 0x00000228f7c78250 nmethod 800 0x0000022887b16d10 code [0x0000022887b16ec0, 0x0000022887b17488]

GC Heap History (0 events):
No events

Deoptimization events (20 events):
Event: 0.251 Thread 0x00000228eb9144e0 DEOPT PACKING pc=0x000002288061395c sp=0x00000071835fb7f0
Event: 0.251 Thread 0x00000228eb9144e0 DEOPT UNPACKING pc=0x0000022880052b43 sp=0x00000071835fac58 mode 0
Event: 0.256 Thread 0x00000228eb9144e0 DEOPT PACKING pc=0x00000228805f1e1f sp=0x00000071835f9fb0
Event: 0.256 Thread 0x00000228eb9144e0 DEOPT UNPACKING pc=0x0000022880052b43 sp=0x00000071835f9448 mode 0
Event: 0.289 Thread 0x00000228eb9144e0 Uncommon trap: trap_request=0xffffff45 fr.pc=0x0000022887ae6f48 relative=0x0000000000000048
Event: 0.289 Thread 0x00000228eb9144e0 Uncommon trap: reason=unstable_if action=reinterpret pc=0x0000022887ae6f48 method=java.lang.CharacterData.of(I)Ljava/lang/CharacterData; @ 4 c2
Event: 0.289 Thread 0x00000228eb9144e0 DEOPT PACKING pc=0x0000022887ae6f48 sp=0x00000071835fd5b0
Event: 0.289 Thread 0x00000228eb9144e0 DEOPT UNPACKING pc=0x00000228800523a3 sp=0x00000071835fd550 mode 2
Event: 0.378 Thread 0x00000228eb9144e0 DEOPT PACKING pc=0x00000228806d4154 sp=0x00000071835fef30
Event: 0.378 Thread 0x00000228eb9144e0 DEOPT UNPACKING pc=0x0000022880052b43 sp=0x00000071835fe400 mode 1
Event: 0.389 Thread 0x00000228eb9144e0 Uncommon trap: trap_request=0xffffffe5 fr.pc=0x0000022887af0db4 relative=0x0000000000000094
Event: 0.389 Thread 0x00000228eb9144e0 Uncommon trap: reason=range_check action=reinterpret pc=0x0000022887af0db4 method=java.lang.StringLatin1.charAt([BI)C @ 1 c2
Event: 0.389 Thread 0x00000228eb9144e0 DEOPT PACKING pc=0x0000022887af0db4 sp=0x00000071835ff090
Event: 0.389 Thread 0x00000228eb9144e0 DEOPT UNPACKING pc=0x00000228800523a3 sp=0x00000071835fefc8 mode 2
Event: 0.390 Thread 0x00000228eb9144e0 DEOPT PACKING pc=0x00000228805a7059 sp=0x00000071835ff010
Event: 0.390 Thread 0x00000228eb9144e0 DEOPT UNPACKING pc=0x0000022880052b43 sp=0x00000071835fe4c8 mode 1
Event: 0.390 Thread 0x00000228eb9144e0 DEOPT PACKING pc=0x00000228805a7059 sp=0x00000071835ff010
Event: 0.390 Thread 0x00000228eb9144e0 DEOPT UNPACKING pc=0x0000022880052b43 sp=0x00000071835fe4c8 mode 1
Event: 0.391 Thread 0x00000228eb9144e0 DEOPT PACKING pc=0x00000228805a7059 sp=0x00000071835ff010
Event: 0.391 Thread 0x00000228eb9144e0 DEOPT UNPACKING pc=0x0000022880052b43 sp=0x00000071835fe4c8 mode 1

Classes unloaded (0 events):
No events

Classes redefined (3 events):
Event: 66.170 Thread 0x00000228f6850910 redefined class name=uk.co.stikman.invmon.datamodel.DataModel$Node, count=1
Event: 66.170 Thread 0x00000228f6850910 redefined class name=uk.co.stikman.invmon.datamodel.DataModel, count=1
Event: 66.170 Thread 0x00000228f6850910 redefined class name=uk.co.stikman.invmon.datamodel.DataModel$1, count=1

Internal exceptions (2 events):
Event: 0.319 Thread 0x00000228eb9144e0 Exception <a 'java/lang/NoSuchMethodError'{0x00000000fda2fd90}: 'void java.lang.invoke.DirectMethodHandle$Holder.invokeStatic(java.lang.Object, java.lang.Object)'> (0x00000000fda2fd90) 
thrown [t:\workspace\open\src\hotspot\share\interpreter\linkResolver.cpp, line 766]
Event: 0.392 Thread 0x00000228eb9144e0 Exception <a 'java/lang/NoSuchMethodError'{0x00000000fd7c3738}: 'void java.lang.invoke.DirectMethodHandle$Holder.invokeStatic(java.lang.Object, java.lang.Object, java.lang.Object)'> (0x00000000fd7c3738) 
thrown [t:\workspace\open\src\hotspot\share\interpreter\linkResolver.cpp, line 766]

VM Operations (20 events):
Event: 40.787 Executing VM operation: get/set locals
Event: 40.788 Executing VM operation: get/set locals done
Event: 40.788 Executing VM operation: get/set locals
Event: 40.788 Executing VM operation: get/set locals done
Event: 66.162 Executing VM operation: ChangeSingleStep
Event: 66.162 Executing VM operation: ChangeSingleStep done
Event: 66.162 Executing VM operation: ChangeSingleStep
Event: 66.162 Executing VM operation: ChangeSingleStep done
Event: 66.169 Executing VM operation: RedefineClasses
Event: 66.172 Executing VM operation: RedefineClasses done
Event: 66.183 Executing VM operation: ChangeBreakpoints
Event: 66.184 Executing VM operation: ChangeBreakpoints done
Event: 66.184 Executing VM operation: ChangeBreakpoints
Event: 66.184 Executing VM operation: ChangeBreakpoints done
Event: 66.185 Executing VM operation: ChangeSingleStep
Event: 66.185 Executing VM operation: ChangeSingleStep done
Event: 66.185 Executing VM operation: get/set locals
Event: 66.186 Executing VM operation: get/set locals done
Event: 66.186 Executing VM operation: ChangeSingleStep
Event: 66.186 Executing VM operation: ChangeSingleStep done

Events (20 events):
Event: 0.365 loading class org/w3c/dom/Comment done
Event: 0.365 loading class com/sun/org/apache/xerces/internal/dom/CommentImpl done
Event: 0.365 loading class com/sun/org/apache/xerces/internal/dom/DeferredCommentImpl done
Event: 0.368 loading class java/lang/NumberFormatException
Event: 0.368 loading class java/lang/NumberFormatException done
Event: 0.368 loading class javax/xml/transform/Result
Event: 0.368 loading class javax/xml/transform/Result done
Event: 0.368 loading class javax/xml/transform/Source
Event: 0.368 loading class javax/xml/transform/Source done
Event: 0.373 loading class sun/net/www/protocol/file/FileURLConnection
Event: 0.374 loading class sun/net/www/protocol/file/FileURLConnection done
Event: 0.374 loading class sun/net/ProgressMonitor
Event: 0.374 loading class sun/net/ProgressMonitor done
Event: 0.374 loading class sun/net/DefaultProgressMeteringPolicy
Event: 0.374 loading class sun/net/ProgressMeteringPolicy
Event: 0.374 loading class sun/net/ProgressMeteringPolicy done
Event: 0.374 loading class sun/net/DefaultProgressMeteringPolicy done
Event: 0.389 loading class java/lang/StringIndexOutOfBoundsException
Event: 0.389 loading class java/lang/StringIndexOutOfBoundsException done
Event: 5.413 Thread 0x00000228f7c78250 Thread exited: 0x00000228f7c78250


Dynamic libraries:
0x00007ff7b6f90000 - 0x00007ff7b6f9e000 	C:\Stik\java\SDK\jdk-17.0.1\bin\javaw.exe
0x00007ff8a3520000 - 0x00007ff8a3729000 	C:\WINDOWS\SYSTEM32\ntdll.dll
0x00007ff8a2360000 - 0x00007ff8a241e000 	C:\WINDOWS\System32\KERNEL32.DLL
0x00007ff8a0cf0000 - 0x00007ff8a106b000 	C:\WINDOWS\System32\KERNELBASE.dll
0x00007ff8a09f0000 - 0x00007ff8a0b01000 	C:\WINDOWS\System32\ucrtbase.dll
0x00007ff896130000 - 0x00007ff89614a000 	C:\Stik\java\SDK\jdk-17.0.1\bin\VCRUNTIME140.dll
0x00007ff88bc90000 - 0x00007ff88bca8000 	C:\Stik\java\SDK\jdk-17.0.1\bin\jli.dll
0x00007ff8a2f60000 - 0x00007ff8a310d000 	C:\WINDOWS\System32\USER32.dll
0x00007ff892800000 - 0x00007ff892aa5000 	C:\WINDOWS\WinSxS\amd64_microsoft.windows.common-controls_6595b64144ccf1df_6.0.22000.120_none_9d947278b86cc467\COMCTL32.dll
0x00007ff8a1370000 - 0x00007ff8a1396000 	C:\WINDOWS\System32\win32u.dll
0x00007ff8a22b0000 - 0x00007ff8a2353000 	C:\WINDOWS\System32\msvcrt.dll
0x00007ff8a3360000 - 0x00007ff8a3389000 	C:\WINDOWS\System32\GDI32.dll
0x00007ff8a1130000 - 0x00007ff8a1248000 	C:\WINDOWS\System32\gdi32full.dll
0x00007ff8a12d0000 - 0x00007ff8a136d000 	C:\WINDOWS\System32\msvcp_win.dll
0x00007ff8a3300000 - 0x00007ff8a3332000 	C:\WINDOWS\System32\IMM32.DLL
0x00007ff8960e0000 - 0x00007ff8960ec000 	C:\Stik\java\SDK\jdk-17.0.1\bin\vcruntime140_1.dll
0x00007ff878cd0000 - 0x00007ff878d5d000 	C:\Stik\java\SDK\jdk-17.0.1\bin\msvcp140.dll
0x00007ff8592e0000 - 0x00007ff859e9e000 	C:\Stik\java\SDK\jdk-17.0.1\bin\server\jvm.dll
0x00007ff8a33a0000 - 0x00007ff8a344e000 	C:\WINDOWS\System32\ADVAPI32.dll
0x00007ff8a2df0000 - 0x00007ff8a2e8e000 	C:\WINDOWS\System32\sechost.dll
0x00007ff8a13a0000 - 0x00007ff8a14c0000 	C:\WINDOWS\System32\RPCRT4.dll
0x00007ff8a3390000 - 0x00007ff8a3398000 	C:\WINDOWS\System32\PSAPI.DLL
0x00007ff8920f0000 - 0x00007ff8920f9000 	C:\WINDOWS\SYSTEM32\WSOCK32.dll
0x00007ff898380000 - 0x00007ff8983b3000 	C:\WINDOWS\SYSTEM32\WINMM.dll
0x00007ff8a2ef0000 - 0x00007ff8a2f5f000 	C:\WINDOWS\System32\WS2_32.dll
0x00007ff895a10000 - 0x00007ff895a1a000 	C:\WINDOWS\SYSTEM32\VERSION.dll
0x00007ff89fa70000 - 0x00007ff89fa88000 	C:\WINDOWS\SYSTEM32\kernel.appcore.dll
0x00007ff8960b0000 - 0x00007ff8960ba000 	C:\Stik\java\SDK\jdk-17.0.1\bin\jimage.dll
0x00007ff89e4c0000 - 0x00007ff89e6e1000 	C:\WINDOWS\SYSTEM32\DBGHELP.DLL
0x00007ff896200000 - 0x00007ff896231000 	C:\WINDOWS\SYSTEM32\dbgcore.DLL
0x00007ff8a1250000 - 0x00007ff8a12cf000 	C:\WINDOWS\System32\bcryptPrimitives.dll
0x00007ff885ac0000 - 0x00007ff885afb000 	C:\Stik\java\SDK\jdk-17.0.1\bin\jdwp.dll
0x00007ff88d200000 - 0x00007ff88d20e000 	C:\Stik\java\SDK\jdk-17.0.1\bin\instrument.dll
0x00007ff885a90000 - 0x00007ff885ab5000 	C:\Stik\java\SDK\jdk-17.0.1\bin\java.dll
0x00007ff863610000 - 0x00007ff8636e6000 	C:\Stik\java\SDK\jdk-17.0.1\bin\svml.dll
0x00007ff8a1770000 - 0x00007ff8a1f28000 	C:\WINDOWS\System32\SHELL32.dll
0x00007ff89eae0000 - 0x00007ff89f345000 	C:\WINDOWS\SYSTEM32\windows.storage.dll
0x00007ff8a1f30000 - 0x00007ff8a22a8000 	C:\WINDOWS\System32\combase.dll
0x00007ff89e970000 - 0x00007ff89ead6000 	C:\WINDOWS\SYSTEM32\wintypes.dll
0x00007ff8a2d00000 - 0x00007ff8a2dea000 	C:\WINDOWS\System32\SHCORE.dll
0x00007ff8a2c10000 - 0x00007ff8a2c6d000 	C:\WINDOWS\System32\shlwapi.dll
0x00007ff8a0920000 - 0x00007ff8a0941000 	C:\WINDOWS\SYSTEM32\profapi.dll
0x00007ff88c620000 - 0x00007ff88c62c000 	C:\Stik\java\SDK\jdk-17.0.1\bin\dt_socket.dll
0x00007ff89f5a0000 - 0x00007ff89f5cd000 	C:\WINDOWS\SYSTEM32\IPHLPAPI.DLL
0x00007ff89ff10000 - 0x00007ff89ff77000 	C:\WINDOWS\system32\mswsock.dll
0x00007ff89f5d0000 - 0x00007ff89f6b8000 	C:\WINDOWS\SYSTEM32\DNSAPI.dll
0x00007ff8a2cf0000 - 0x00007ff8a2cf9000 	C:\WINDOWS\System32\NSI.dll
0x00007ff8963e0000 - 0x00007ff8963ea000 	C:\Windows\System32\rasadhlp.dll
0x00007ff8963f0000 - 0x00007ff896471000 	C:\WINDOWS\System32\fwpuclnt.dll
0x00007ff88bc70000 - 0x00007ff88bc88000 	C:\Stik\java\SDK\jdk-17.0.1\bin\zip.dll
0x00007ff885980000 - 0x00007ff885999000 	C:\Stik\java\SDK\jdk-17.0.1\bin\net.dll
0x00007ff8985d0000 - 0x00007ff8986e4000 	C:\WINDOWS\SYSTEM32\WINHTTP.dll
0x00007ff885930000 - 0x00007ff885945000 	C:\Stik\java\SDK\jdk-17.0.1\bin\nio.dll
0x00007ff88c370000 - 0x00007ff88c380000 	C:\Stik\java\SDK\jdk-17.0.1\bin\verify.dll
0x00007ff8635d0000 - 0x00007ff863604000 	C:\Users\stik\AppData\Local\Temp\jSerialComm\2.9.3-beta1\jSerialComm.dll
0x00007ff8a2420000 - 0x00007ff8a288c000 	C:\WINDOWS\System32\SETUPAPI.dll
0x00007ff8a0640000 - 0x00007ff8a066c000 	C:\WINDOWS\SYSTEM32\DEVOBJ.dll
0x00007ff8a0670000 - 0x00007ff8a06bc000 	C:\WINDOWS\SYSTEM32\cfgmgr32.dll
0x00007ff8a0b10000 - 0x00007ff8a0b78000 	C:\WINDOWS\System32\WINTRUST.dll
0x00007ff8a0b80000 - 0x00007ff8a0ce2000 	C:\WINDOWS\System32\CRYPT32.dll
0x00007ff8a0220000 - 0x00007ff8a0232000 	C:\WINDOWS\SYSTEM32\MSASN1.dll

dbghelp: loaded successfully - version: 4.0.5 - missing functions: none
symbol engine: initialized successfully - sym options: 0x614 - pdb path: .;C:\Stik\java\SDK\jdk-17.0.1\bin;C:\WINDOWS\SYSTEM32;C:\WINDOWS\WinSxS\amd64_microsoft.windows.common-controls_6595b64144ccf1df_6.0.22000.120_none_9d947278b86cc467;C:\Stik\java\SDK\jdk-17.0.1\bin\server;C:\Users\stik\AppData\Local\Temp\jSerialComm\2.9.3-beta1

VM Arguments:
jvm_args: -XX:+ShowCodeDetailsInExceptionMessages -agentlib:jdwp=transport=dt_socket,suspend=y,address=localhost:62050 -Xmx280M -javaagent:C:\Stik\Progs\eclipse-2021-12\configuration\org.eclipse.osgi\221\0\.cp\lib\javaagent-shaded.jar -Dfile.encoding=UTF-8 
java_command: uk.co.stikman.invmon.InvMon
java_class_path (initial): C:\Stik\java\InvMon\bin;C:\Stik\java\InvMon\lib\ivy\commons-io-2.7.jar;C:\Stik\java\InvMon\lib\ivy\json-20200518.jar;C:\Stik\java\InvMon\lib\ivy\h2-2.1.214.jar;C:\Stik\java\InvMon\lib\ivy\nanohttpd-2.3.1.jar;C:\Users\stik\.p2\pool\plugins\org.junit.jupiter.api_5.8.1.v20211018-1956.jar;C:\Users\stik\.p2\pool\plugins\org.junit.jupiter.engine_5.8.1.v20211018-1956.jar;C:\Users\stik\.p2\pool\plugins\org.junit.jupiter.migrationsupport_5.8.1.v20211018-1956.jar;C:\Users\stik\.p2\pool\plugins\org.junit.jupiter.params_5.8.1.v20211018-1956.jar;C:\Users\stik\.p2\pool\plugins\org.junit.platform.commons_1.8.1.v20211018-1956.jar;C:\Users\stik\.p2\pool\plugins\org.junit.platform.engine_1.8.1.v20211018-1956.jar;C:\Users\stik\.p2\pool\plugins\org.junit.platform.launcher_1.8.1.v20211018-1956.jar;C:\Users\stik\.p2\pool\plugins\org.junit.platform.runner_1.8.1.v20211018-1956.jar;C:\Users\stik\.p2\pool\plugins\org.junit.platform.suite.api_1.8.1.v20211018-1956.jar;C:\Users\stik\.p2\pool\plugins\org.junit.platform.suite.engine_1.8.1.v20211028-1957.jar;C:\Users\stik\.p2\pool\plugins\org.junit.platform.suite.commons_1.8.1.v20211018-1956.jar;C:\Users\stik\.p2\pool\plugins\org.junit.vintage.engine_5.8.1.v20211018-1956.jar;C:\Users\stik\.p2\pool\plugins\org.opentest4j_1.2.0.v20211018-1956.jar;C:\Users\stik\.p2\pool\plugins\org.apiguardian_1.1.2.v20211018-1956.jar;C:\Users\stik\.p2\pool\plugins\org.junit_4.13.2.v20211018-1956.jar;C:\Users\stik\.p2\pool\plugins\org.hamcrest.core_1.3.0.v20180420-1519.jar;C:\Stik\java\InvMon\lib\provided\jSerialComm-2.9.3-beta1.jar;C:\Stik\java\InvMon\lib\provided\stikutils-1.5-jdk8.jar
Launcher Type: SUN_STANDARD

[Global flags]
     intx CICompilerCount                          = 4                                         {product} {ergonomic}
     uint ConcGCThreads                            = 2                                         {product} {ergonomic}
     uint G1ConcRefinementThreads                  = 8                                         {product} {ergonomic}
   size_t G1HeapRegionSize                         = 1048576                                   {product} {ergonomic}
    uintx GCDrainStackTargetSize                   = 64                                        {product} {ergonomic}
   size_t InitialHeapSize                          = 264241152                                 {product} {ergonomic}
   size_t MarkStackSize                            = 4194304                                   {product} {ergonomic}
   size_t MaxHeapSize                              = 293601280                                 {product} {command line}
   size_t MaxNewSize                               = 176160768                                 {product} {ergonomic}
   size_t MinHeapDeltaBytes                        = 1048576                                   {product} {ergonomic}
   size_t MinHeapSize                              = 8388608                                   {product} {ergonomic}
    uintx NonNMethodCodeHeapSize                   = 5839372                                {pd product} {ergonomic}
    uintx NonProfiledCodeHeapSize                  = 122909434                              {pd product} {ergonomic}
    uintx ProfiledCodeHeapSize                     = 122909434                              {pd product} {ergonomic}
    uintx ReservedCodeCacheSize                    = 251658240                              {pd product} {ergonomic}
     bool SegmentedCodeCache                       = true                                      {product} {ergonomic}
     bool ShowCodeDetailsInExceptionMessages       = true                                   {manageable} {command line}
   size_t SoftMaxHeapSize                          = 293601280                              {manageable} {ergonomic}
     bool UseCompressedClassPointers               = true                           {product lp64_product} {ergonomic}
     bool UseCompressedOops                        = true                           {product lp64_product} {ergonomic}
     bool UseG1GC                                  = true                                      {product} {ergonomic}
     bool UseLargePagesIndividualAllocation        = false                                  {pd product} {ergonomic}

Logging:
Log output configuration:
 #0: stdout all=warning uptime,level,tags
 #1: stderr all=off uptime,level,tags

Environment Variables:
JAVA_HOME=C:\Stik\java\SDK\jdk-17.0.1
PATH=C:/Users/stik/.p2/pool/plugins/org.eclipse.justj.openjdk.hotspot.jre.full.win32.x86_64_17.0.1.v20211116-1657/jre/bin/server;C:/Users/stik/.p2/pool/plugins/org.eclipse.justj.openjdk.hotspot.jre.full.win32.x86_64_17.0.1.v20211116-1657/jre/bin;C:\Program Files (x86)\Embarcadero\Studio\20.0\bin;C:\Users\Public\Documents\Embarcadero\Studio\20.0\Bpl;C:\Program Files (x86)\Embarcadero\Studio\20.0\bin64;C:\Users\Public\Documents\Embarcadero\Studio\20.0\Bpl\Win64;C:\WinAVR-20100110\bin;C:\WinAVR-20100110\utils\bin;C:\WINDOWS\system32;C:\WINDOWS;C:\WINDOWS\System32\Wbem;C:\WINDOWS\System32\WindowsPowerShell\v1.0\;C:\Program Files\TortoiseSVN\bin;C:\Stik\Progs\apache-ant-1.9.5\bin;C:\Program Files\Sublime Text 3;C:\WINDOWS\System32\OpenSSH\;C:\Program Files\Git\cmd;C:\Program Files\Microsoft VS Code\bin;C:\Stik\java\SDK\jdk-17.0.1\bin;C:\Program Files (x86)\Intel\Intel(R) Management Engine Components\DAL;C:\Program Files\Intel\Intel(R) Management Engine Components\DAL;C:\Users\stik\AppData\Local\Microsoft\WindowsApps;C:\Users\stik\AppData\Local\GitHubDesktop\bin;C:\Stik\Progs\eclipse-2021-12;
USERNAME=stik
OS=Windows_NT
PROCESSOR_IDENTIFIER=Intel64 Family 6 Model 142 Stepping 10, GenuineIntel



---------------  S Y S T E M  ---------------

OS:
 Windows 10 , 64 bit Build 22000 (10.0.22000.1219)
OS uptime: 16 days 4:38 hours

CPU: total 8 (initial active 8) (4 cores per cpu, 2 threads per core) family 6 model 142 stepping 10 microcode 0xf0, cx8, cmov, fxsr, ht, mmx, 3dnowpref, sse, sse2, sse3, ssse3, sse4.1, sse4.2, popcnt, lzcnt, tsc, tscinvbit, avx, avx2, aes, erms, clmul, bmi1, bmi2, adx, fma, vzeroupper, clflush, clflushopt

Memory: 4k page, system-wide physical 16111M (6081M free)
TotalPageFile size 18543M (AvailPageFile size 3687M)
current process WorkingSet (physical memory assigned to process): 57M, peak: 61M
current process commit charge ("private bytes"): 346M, peak: 350M

vm_info: OpenJDK 64-Bit Server VM (17.0.1+12-39) for windows-amd64 JRE (17.0.1+12-39), built on Sep 27 2021 18:39:29 by "mach5one" with MS VC++ 16.8 (VS2019)

END.
